{
  "stats": {
    "suites": 11,
    "tests": 21,
    "passes": 19,
    "pending": 0,
    "failures": 2,
    "start": "2017-05-18T12:56:53.986Z",
    "end": "2017-05-18T12:56:53.993Z",
    "duration": 7,
    "testsRegistered": 21,
    "passPercent": 90.5,
    "pendingPercent": 0,
    "other": 0,
    "hasOther": false,
    "skipped": 0,
    "hasSkipped": false,
    "passPercentClass": "success",
    "pendingPercentClass": "danger"
  },
  "suites": {
    "title": "",
    "suites": [
      {
        "title": "underscore/Function tests: ",
        "suites": [
          {
            "title": "1. _.componse 函数：",
            "suites": [],
            "tests": [
              {
                "title": "should return a function ",
                "fullTitle": "underscore/Function tests:  1. _.componse 函数： should return a function ",
                "timedOut": false,
                "duration": 0,
                "state": "passed",
                "speed": "fast",
                "pass": true,
                "fail": false,
                "pending": false,
                "code": "var componsedFun = _main2.default.compose(new Function(), new Function());\nassert.equal(true, (0, _util.isTypeof)('Function')(componsedFun));",
                "err": {},
                "isRoot": false,
                "uuid": "6499c925-b9d1-481b-aea9-973a1757fad9",
                "parentUUID": "db6b73e6-d71e-4370-a0ed-bbfff3658727",
                "isHook": false,
                "skipped": false
              },
              {
                "title": "should passing returned value to next functions",
                "fullTitle": "underscore/Function tests:  1. _.componse 函数： should passing returned value to next functions",
                "timedOut": false,
                "duration": 0,
                "state": "passed",
                "speed": "fast",
                "pass": true,
                "fail": false,
                "pending": false,
                "code": "var greet = function greet(name) {\n                assert.equal(name, 'MOE!');\n            };",
                "err": {},
                "isRoot": false,
                "uuid": "b0e41607-aa18-4f08-af3e-c39b2ee57e3c",
                "parentUUID": "db6b73e6-d71e-4370-a0ed-bbfff3658727",
                "isHook": false,
                "skipped": false
              },
              {
                "title": "should chain functions and passing values to finally get the result",
                "fullTitle": "underscore/Function tests:  1. _.componse 函数： should chain functions and passing values to finally get the result",
                "timedOut": false,
                "duration": 0,
                "state": "passed",
                "speed": "fast",
                "pass": true,
                "fail": false,
                "pending": false,
                "code": "var greet = function greet(name) {\n                return 'hi ' + name;\n            };\n            var welcome = _main2.default.compose(greet, exclaim);\n            assert.equal('hi MOE!', welcome('moe'));",
                "err": {},
                "isRoot": false,
                "uuid": "f4ed21ab-5dcd-4f24-8ed0-3a666a6c3435",
                "parentUUID": "db6b73e6-d71e-4370-a0ed-bbfff3658727",
                "isHook": false,
                "skipped": false
              }
            ],
            "pending": [],
            "root": false,
            "_timeout": 2000,
            "file": "/test/index.test.js",
            "uuid": "db6b73e6-d71e-4370-a0ed-bbfff3658727",
            "failedHooks": [],
            "fullFile": "/Users/luchen/Documents/study/test/underscore/test/index.test.js",
            "passes": [
              {
                "title": "should return a function ",
                "fullTitle": "underscore/Function tests:  1. _.componse 函数： should return a function ",
                "timedOut": false,
                "duration": 0,
                "state": "passed",
                "speed": "fast",
                "pass": true,
                "fail": false,
                "pending": false,
                "code": "var componsedFun = _main2.default.compose(new Function(), new Function());\nassert.equal(true, (0, _util.isTypeof)('Function')(componsedFun));",
                "err": {},
                "isRoot": false,
                "uuid": "6499c925-b9d1-481b-aea9-973a1757fad9",
                "parentUUID": "db6b73e6-d71e-4370-a0ed-bbfff3658727",
                "isHook": false,
                "skipped": false
              },
              {
                "title": "should passing returned value to next functions",
                "fullTitle": "underscore/Function tests:  1. _.componse 函数： should passing returned value to next functions",
                "timedOut": false,
                "duration": 0,
                "state": "passed",
                "speed": "fast",
                "pass": true,
                "fail": false,
                "pending": false,
                "code": "var greet = function greet(name) {\n                assert.equal(name, 'MOE!');\n            };",
                "err": {},
                "isRoot": false,
                "uuid": "b0e41607-aa18-4f08-af3e-c39b2ee57e3c",
                "parentUUID": "db6b73e6-d71e-4370-a0ed-bbfff3658727",
                "isHook": false,
                "skipped": false
              },
              {
                "title": "should chain functions and passing values to finally get the result",
                "fullTitle": "underscore/Function tests:  1. _.componse 函数： should chain functions and passing values to finally get the result",
                "timedOut": false,
                "duration": 0,
                "state": "passed",
                "speed": "fast",
                "pass": true,
                "fail": false,
                "pending": false,
                "code": "var greet = function greet(name) {\n                return 'hi ' + name;\n            };\n            var welcome = _main2.default.compose(greet, exclaim);\n            assert.equal('hi MOE!', welcome('moe'));",
                "err": {},
                "isRoot": false,
                "uuid": "f4ed21ab-5dcd-4f24-8ed0-3a666a6c3435",
                "parentUUID": "db6b73e6-d71e-4370-a0ed-bbfff3658727",
                "isHook": false,
                "skipped": false
              }
            ],
            "failures": [],
            "skipped": [],
            "hasTests": true,
            "hasFailedHooks": false,
            "hasSuites": false,
            "totalTests": 3,
            "totalPasses": 3,
            "totalFailures": 0,
            "totalPending": 0,
            "totalSkipped": 0,
            "hasPasses": true,
            "hasFailures": false,
            "hasPending": false,
            "hasSkipped": false,
            "duration": 0,
            "rootEmpty": false
          },
          {
            "title": "2. _.after 函数：",
            "suites": [],
            "tests": [
              {
                "title": "should be excuted until all have excuted ",
                "fullTitle": "underscore/Function tests:  2. _.after 函数： should be excuted until all have excuted ",
                "timedOut": false,
                "duration": 0,
                "state": "passed",
                "speed": "fast",
                "pass": true,
                "fail": false,
                "pending": false,
                "code": "var _this = this;\nvar count = 0;\nvar render = function render() {\n    // console.log('---done!---')\n    assert.equal(count, notes.length);\n    done();\n};\nvar renderNotes = _main2.default.after(notes.length, render);\nnotes.forEach(function (note) {\n    var fn = function (note) {\n        count++;\n        // console.log('  note  ',note);\n        renderNotes();\n    }.bind(_this, note);\n    (0, _util.asyncFunction)(fn);\n});",
                "err": {},
                "isRoot": false,
                "uuid": "64132fe2-8276-4c6c-ada6-eb28592c90ab",
                "parentUUID": "2c59eea2-d78a-45ec-8b9e-b94be7a63751",
                "isHook": false,
                "skipped": false
              }
            ],
            "pending": [],
            "root": false,
            "_timeout": 2000,
            "file": "/test/index.test.js",
            "uuid": "2c59eea2-d78a-45ec-8b9e-b94be7a63751",
            "failedHooks": [],
            "fullFile": "/Users/luchen/Documents/study/test/underscore/test/index.test.js",
            "passes": [
              {
                "title": "should be excuted until all have excuted ",
                "fullTitle": "underscore/Function tests:  2. _.after 函数： should be excuted until all have excuted ",
                "timedOut": false,
                "duration": 0,
                "state": "passed",
                "speed": "fast",
                "pass": true,
                "fail": false,
                "pending": false,
                "code": "var _this = this;\nvar count = 0;\nvar render = function render() {\n    // console.log('---done!---')\n    assert.equal(count, notes.length);\n    done();\n};\nvar renderNotes = _main2.default.after(notes.length, render);\nnotes.forEach(function (note) {\n    var fn = function (note) {\n        count++;\n        // console.log('  note  ',note);\n        renderNotes();\n    }.bind(_this, note);\n    (0, _util.asyncFunction)(fn);\n});",
                "err": {},
                "isRoot": false,
                "uuid": "64132fe2-8276-4c6c-ada6-eb28592c90ab",
                "parentUUID": "2c59eea2-d78a-45ec-8b9e-b94be7a63751",
                "isHook": false,
                "skipped": false
              }
            ],
            "failures": [],
            "skipped": [],
            "hasTests": true,
            "hasFailedHooks": false,
            "hasSuites": false,
            "totalTests": 1,
            "totalPasses": 1,
            "totalFailures": 0,
            "totalPending": 0,
            "totalSkipped": 0,
            "hasPasses": true,
            "hasFailures": false,
            "hasPending": false,
            "hasSkipped": false,
            "duration": 0,
            "rootEmpty": false
          },
          {
            "title": "3. _.before 函数：",
            "suites": [],
            "tests": [
              {
                "title": "should return the same result after count",
                "fullTitle": "underscore/Function tests:  3. _.before 函数： should return the same result after count",
                "timedOut": false,
                "duration": 0,
                "state": "passed",
                "speed": "fast",
                "pass": true,
                "fail": false,
                "pending": false,
                "code": "var initial = 1000,\n    step = 100;\nvar askForRaise = function (initial, step) {\n    var salary = initial;\n    return function () {\n        salary += step;\n        return salary;\n    };\n}(initial, step);\nvar raiseSalaryBy100 = _main2.default.before(count, askForRaise);\nvar randomExcutedCount = count + Math.floor(Math.random() * 100),\n    finalSalary = initial + step * count;\nvar result = Array.from(new Array(randomExcutedCount).keys()).every(function (index) {\n    var curSalary = raiseSalaryBy100();\n    if (index + 1 >= count) return finalSalary === curSalary;\n    return curSalary === initial + step * (index + 1);\n});\nassert.equal(result, true);",
                "err": {},
                "isRoot": false,
                "uuid": "d78dee10-de86-4e28-8216-e786cf3179de",
                "parentUUID": "ae03e7be-c4dc-49df-bc12-891129b8fd14",
                "isHook": false,
                "skipped": false
              }
            ],
            "pending": [],
            "root": false,
            "_timeout": 2000,
            "file": "/test/index.test.js",
            "uuid": "ae03e7be-c4dc-49df-bc12-891129b8fd14",
            "failedHooks": [],
            "fullFile": "/Users/luchen/Documents/study/test/underscore/test/index.test.js",
            "passes": [
              {
                "title": "should return the same result after count",
                "fullTitle": "underscore/Function tests:  3. _.before 函数： should return the same result after count",
                "timedOut": false,
                "duration": 0,
                "state": "passed",
                "speed": "fast",
                "pass": true,
                "fail": false,
                "pending": false,
                "code": "var initial = 1000,\n    step = 100;\nvar askForRaise = function (initial, step) {\n    var salary = initial;\n    return function () {\n        salary += step;\n        return salary;\n    };\n}(initial, step);\nvar raiseSalaryBy100 = _main2.default.before(count, askForRaise);\nvar randomExcutedCount = count + Math.floor(Math.random() * 100),\n    finalSalary = initial + step * count;\nvar result = Array.from(new Array(randomExcutedCount).keys()).every(function (index) {\n    var curSalary = raiseSalaryBy100();\n    if (index + 1 >= count) return finalSalary === curSalary;\n    return curSalary === initial + step * (index + 1);\n});\nassert.equal(result, true);",
                "err": {},
                "isRoot": false,
                "uuid": "d78dee10-de86-4e28-8216-e786cf3179de",
                "parentUUID": "ae03e7be-c4dc-49df-bc12-891129b8fd14",
                "isHook": false,
                "skipped": false
              }
            ],
            "failures": [],
            "skipped": [],
            "hasTests": true,
            "hasFailedHooks": false,
            "hasSuites": false,
            "totalTests": 1,
            "totalPasses": 1,
            "totalFailures": 0,
            "totalPending": 0,
            "totalSkipped": 0,
            "hasPasses": true,
            "hasFailures": false,
            "hasPending": false,
            "hasSkipped": false,
            "duration": 0,
            "rootEmpty": false
          },
          {
            "title": "4. _.partial 函数：",
            "suites": [],
            "tests": [
              {
                "title": "should pre-fill partial args and get final value",
                "fullTitle": "underscore/Function tests:  4. _.partial 函数： should pre-fill partial args and get final value",
                "timedOut": false,
                "duration": 1,
                "state": "passed",
                "speed": "fast",
                "pass": true,
                "fail": false,
                "pending": false,
                "code": "var add = function add(a, b) {\n    return a + b;\n};\nvar add5 = _main2.default.partial(add, 5);\nassert.equal(15, add5(10));",
                "err": {},
                "isRoot": false,
                "uuid": "857e43fe-16d4-4a2c-a658-5c8f08531c00",
                "parentUUID": "c7534617-fa35-4d90-8bd1-e72c4f7c129d",
                "isHook": false,
                "skipped": false
              },
              {
                "title": "should remain un-filled when passing _ to the args",
                "fullTitle": "underscore/Function tests:  4. _.partial 函数： should remain un-filled when passing _ to the args",
                "timedOut": false,
                "duration": 0,
                "state": "passed",
                "speed": "fast",
                "pass": true,
                "fail": false,
                "pending": false,
                "code": "var selectMin = function selectMin() {\n    for (var _len = arguments.length, args = Array(_len), _key = 0; _key < _len; _key++) {\n        args[_key] = arguments[_key];\n    }\n    return Math.min.apply(null, args);\n};\nvar selectMinArgs = _main2.default.partial(selectMin, _main2.default, 4, 5);\nassert.equal(4, selectMinArgs(10));",
                "err": {},
                "isRoot": false,
                "uuid": "e493adea-0c85-4d35-8c4a-829a66695d0a",
                "parentUUID": "c7534617-fa35-4d90-8bd1-e72c4f7c129d",
                "isHook": false,
                "skipped": false
              },
              {
                "title": "accepts more arguments than the number of placeholders",
                "fullTitle": "underscore/Function tests:  4. _.partial 函数： accepts more arguments than the number of placeholders",
                "timedOut": false,
                "duration": 0,
                "state": "passed",
                "speed": "fast",
                "pass": true,
                "fail": false,
                "pending": false,
                "code": "var func = _main2.default.partial(function () {\n    return arguments.length;\n}, _main2.default, 'b', _main2.default, 'd');\nassert.equal(5, func('a', 'c', 'e'));",
                "err": {},
                "isRoot": false,
                "uuid": "ef8a5a31-a1f1-4fe8-b43a-a20400bac327",
                "parentUUID": "c7534617-fa35-4d90-8bd1-e72c4f7c129d",
                "isHook": false,
                "skipped": false
              },
              {
                "title": "cound remain arg length when some of the placeholders aren't fullfilled when calling",
                "fullTitle": "underscore/Function tests:  4. _.partial 函数： cound remain arg length when some of the placeholders aren't fullfilled when calling",
                "timedOut": false,
                "duration": 0,
                "state": "passed",
                "speed": "fast",
                "pass": true,
                "fail": false,
                "pending": false,
                "code": "var func = _main2.default.partial(function () {\n    return arguments.length;\n}, _main2.default, 'b', _main2.default, 'd');\nassert.equal(4, func('a'));",
                "err": {},
                "isRoot": false,
                "uuid": "03fbaa0e-650e-4088-9930-f1beec443843",
                "parentUUID": "c7534617-fa35-4d90-8bd1-e72c4f7c129d",
                "isHook": false,
                "skipped": false
              },
              {
                "title": "unfilled placeholders are undefined",
                "fullTitle": "underscore/Function tests:  4. _.partial 函数： unfilled placeholders are undefined",
                "timedOut": false,
                "duration": 0,
                "state": "passed",
                "speed": "fast",
                "pass": true,
                "fail": false,
                "pending": false,
                "code": "var func = _main2.default.partial(function () {\n    return arguments[2];\n}, _main2.default, 'b', _main2.default, 'd');\nassert.equal(undefined, func('a'));",
                "err": {},
                "isRoot": false,
                "uuid": "14f6e184-6043-461b-ba09-da8d609957d1",
                "parentUUID": "c7534617-fa35-4d90-8bd1-e72c4f7c129d",
                "isHook": false,
                "skipped": false
              }
            ],
            "pending": [],
            "root": false,
            "_timeout": 2000,
            "file": "/test/index.test.js",
            "uuid": "c7534617-fa35-4d90-8bd1-e72c4f7c129d",
            "failedHooks": [],
            "fullFile": "/Users/luchen/Documents/study/test/underscore/test/index.test.js",
            "passes": [
              {
                "title": "should pre-fill partial args and get final value",
                "fullTitle": "underscore/Function tests:  4. _.partial 函数： should pre-fill partial args and get final value",
                "timedOut": false,
                "duration": 1,
                "state": "passed",
                "speed": "fast",
                "pass": true,
                "fail": false,
                "pending": false,
                "code": "var add = function add(a, b) {\n    return a + b;\n};\nvar add5 = _main2.default.partial(add, 5);\nassert.equal(15, add5(10));",
                "err": {},
                "isRoot": false,
                "uuid": "857e43fe-16d4-4a2c-a658-5c8f08531c00",
                "parentUUID": "c7534617-fa35-4d90-8bd1-e72c4f7c129d",
                "isHook": false,
                "skipped": false
              },
              {
                "title": "should remain un-filled when passing _ to the args",
                "fullTitle": "underscore/Function tests:  4. _.partial 函数： should remain un-filled when passing _ to the args",
                "timedOut": false,
                "duration": 0,
                "state": "passed",
                "speed": "fast",
                "pass": true,
                "fail": false,
                "pending": false,
                "code": "var selectMin = function selectMin() {\n    for (var _len = arguments.length, args = Array(_len), _key = 0; _key < _len; _key++) {\n        args[_key] = arguments[_key];\n    }\n    return Math.min.apply(null, args);\n};\nvar selectMinArgs = _main2.default.partial(selectMin, _main2.default, 4, 5);\nassert.equal(4, selectMinArgs(10));",
                "err": {},
                "isRoot": false,
                "uuid": "e493adea-0c85-4d35-8c4a-829a66695d0a",
                "parentUUID": "c7534617-fa35-4d90-8bd1-e72c4f7c129d",
                "isHook": false,
                "skipped": false
              },
              {
                "title": "accepts more arguments than the number of placeholders",
                "fullTitle": "underscore/Function tests:  4. _.partial 函数： accepts more arguments than the number of placeholders",
                "timedOut": false,
                "duration": 0,
                "state": "passed",
                "speed": "fast",
                "pass": true,
                "fail": false,
                "pending": false,
                "code": "var func = _main2.default.partial(function () {\n    return arguments.length;\n}, _main2.default, 'b', _main2.default, 'd');\nassert.equal(5, func('a', 'c', 'e'));",
                "err": {},
                "isRoot": false,
                "uuid": "ef8a5a31-a1f1-4fe8-b43a-a20400bac327",
                "parentUUID": "c7534617-fa35-4d90-8bd1-e72c4f7c129d",
                "isHook": false,
                "skipped": false
              },
              {
                "title": "cound remain arg length when some of the placeholders aren't fullfilled when calling",
                "fullTitle": "underscore/Function tests:  4. _.partial 函数： cound remain arg length when some of the placeholders aren't fullfilled when calling",
                "timedOut": false,
                "duration": 0,
                "state": "passed",
                "speed": "fast",
                "pass": true,
                "fail": false,
                "pending": false,
                "code": "var func = _main2.default.partial(function () {\n    return arguments.length;\n}, _main2.default, 'b', _main2.default, 'd');\nassert.equal(4, func('a'));",
                "err": {},
                "isRoot": false,
                "uuid": "03fbaa0e-650e-4088-9930-f1beec443843",
                "parentUUID": "c7534617-fa35-4d90-8bd1-e72c4f7c129d",
                "isHook": false,
                "skipped": false
              },
              {
                "title": "unfilled placeholders are undefined",
                "fullTitle": "underscore/Function tests:  4. _.partial 函数： unfilled placeholders are undefined",
                "timedOut": false,
                "duration": 0,
                "state": "passed",
                "speed": "fast",
                "pass": true,
                "fail": false,
                "pending": false,
                "code": "var func = _main2.default.partial(function () {\n    return arguments[2];\n}, _main2.default, 'b', _main2.default, 'd');\nassert.equal(undefined, func('a'));",
                "err": {},
                "isRoot": false,
                "uuid": "14f6e184-6043-461b-ba09-da8d609957d1",
                "parentUUID": "c7534617-fa35-4d90-8bd1-e72c4f7c129d",
                "isHook": false,
                "skipped": false
              }
            ],
            "failures": [],
            "skipped": [],
            "hasTests": true,
            "hasFailedHooks": false,
            "hasSuites": false,
            "totalTests": 5,
            "totalPasses": 5,
            "totalFailures": 0,
            "totalPending": 0,
            "totalSkipped": 0,
            "hasPasses": true,
            "hasFailures": false,
            "hasPending": false,
            "hasSkipped": false,
            "duration": 1,
            "rootEmpty": false
          },
          {
            "title": "5. _wrap函数 ",
            "suites": [],
            "tests": [
              {
                "title": "should wrap the given salutation function",
                "fullTitle": "underscore/Function tests:  5. _wrap函数  should wrap the given salutation function",
                "timedOut": false,
                "duration": 0,
                "state": "passed",
                "speed": "fast",
                "pass": true,
                "fail": false,
                "pending": false,
                "code": "var hello = function hello(name) {\n    return 'hello: ' + name;\n};\nhello = _main2.default.wrap(hello, function (func) {\n    return \"before, \" + func(\"moe\") + \", after\";\n});\nassert.equal(hello(), 'before, hello: moe, after');",
                "err": {},
                "isRoot": false,
                "uuid": "a0358148-cfa2-4119-b0ff-15008b4aeae9",
                "parentUUID": "73b7c603-0895-4b87-8cb1-03b59c9086a7",
                "isHook": false,
                "skipped": false
              },
              {
                "title": "should hold fn as the first parameter of the wrapper",
                "fullTitle": "underscore/Function tests:  5. _wrap函数  should hold fn as the first parameter of the wrapper",
                "timedOut": false,
                "duration": 0,
                "state": "passed",
                "speed": "fast",
                "pass": true,
                "fail": false,
                "pending": false,
                "code": "var hello = function hello(name) {\n    return 'hello: ' + name;\n};\nvar wrappedHello = _main2.default.wrap(hello, function (func) {\n    assert.equal(hello, func);\n    return \"before, \" + func(\"moe\") + \", after\";;\n});\nwrappedHello();",
                "err": {},
                "isRoot": false,
                "uuid": "cabdba76-d54b-42c0-8b2f-1ca3a239d636",
                "parentUUID": "73b7c603-0895-4b87-8cb1-03b59c9086a7",
                "isHook": false,
                "skipped": false
              }
            ],
            "pending": [],
            "root": false,
            "_timeout": 2000,
            "file": "/test/index.test.js",
            "uuid": "73b7c603-0895-4b87-8cb1-03b59c9086a7",
            "failedHooks": [],
            "fullFile": "/Users/luchen/Documents/study/test/underscore/test/index.test.js",
            "passes": [
              {
                "title": "should wrap the given salutation function",
                "fullTitle": "underscore/Function tests:  5. _wrap函数  should wrap the given salutation function",
                "timedOut": false,
                "duration": 0,
                "state": "passed",
                "speed": "fast",
                "pass": true,
                "fail": false,
                "pending": false,
                "code": "var hello = function hello(name) {\n    return 'hello: ' + name;\n};\nhello = _main2.default.wrap(hello, function (func) {\n    return \"before, \" + func(\"moe\") + \", after\";\n});\nassert.equal(hello(), 'before, hello: moe, after');",
                "err": {},
                "isRoot": false,
                "uuid": "a0358148-cfa2-4119-b0ff-15008b4aeae9",
                "parentUUID": "73b7c603-0895-4b87-8cb1-03b59c9086a7",
                "isHook": false,
                "skipped": false
              },
              {
                "title": "should hold fn as the first parameter of the wrapper",
                "fullTitle": "underscore/Function tests:  5. _wrap函数  should hold fn as the first parameter of the wrapper",
                "timedOut": false,
                "duration": 0,
                "state": "passed",
                "speed": "fast",
                "pass": true,
                "fail": false,
                "pending": false,
                "code": "var hello = function hello(name) {\n    return 'hello: ' + name;\n};\nvar wrappedHello = _main2.default.wrap(hello, function (func) {\n    assert.equal(hello, func);\n    return \"before, \" + func(\"moe\") + \", after\";;\n});\nwrappedHello();",
                "err": {},
                "isRoot": false,
                "uuid": "cabdba76-d54b-42c0-8b2f-1ca3a239d636",
                "parentUUID": "73b7c603-0895-4b87-8cb1-03b59c9086a7",
                "isHook": false,
                "skipped": false
              }
            ],
            "failures": [],
            "skipped": [],
            "hasTests": true,
            "hasFailedHooks": false,
            "hasSuites": false,
            "totalTests": 2,
            "totalPasses": 2,
            "totalFailures": 0,
            "totalPending": 0,
            "totalSkipped": 0,
            "hasPasses": true,
            "hasFailures": false,
            "hasPending": false,
            "hasSkipped": false,
            "duration": 0,
            "rootEmpty": false
          },
          {
            "title": "6. _memoize函数 ",
            "suites": [],
            "tests": [
              {
                "title": "should memoize the value of a fibonacci result and equal to it",
                "fullTitle": "underscore/Function tests:  6. _memoize函数  should memoize the value of a fibonacci result and equal to it",
                "timedOut": false,
                "duration": 0,
                "state": "passed",
                "speed": "fast",
                "pass": true,
                "fail": false,
                "pending": false,
                "code": "var memoFib = _main2.default.memoize(fib);\nassert.equal(fib(10), 55);\nassert.equal(memoFib(10), 55);",
                "err": {},
                "isRoot": false,
                "uuid": "1f058388-af4b-491f-8dd3-9bcc486d9898",
                "parentUUID": "d50bb115-620a-4757-81cf-1afdd7d05e3e",
                "isHook": false,
                "skipped": false
              },
              {
                "title": "should memoize all the result of the function",
                "fullTitle": "underscore/Function tests:  6. _memoize函数  should memoize all the result of the function",
                "timedOut": false,
                "duration": 0,
                "state": "passed",
                "speed": "fast",
                "pass": true,
                "fail": false,
                "pending": false,
                "code": "var upper = _main2.default.memoize(function (s) {\n    return s.toUpperCase();\n});\nassert.strictEqual(upper('foo'), 'FOO');\nassert.strictEqual(upper('bar'), 'BAR');\nassert.deepEqual(upper.cache, { 'foo': 'FOO', 'bar': 'BAR' }, 'cache return all the cached value');\nassert.property(upper, 'cache');",
                "err": {},
                "isRoot": false,
                "uuid": "3965d996-90a3-4b33-9e8d-b8d5a5619436",
                "parentUUID": "d50bb115-620a-4757-81cf-1afdd7d05e3e",
                "isHook": false,
                "skipped": false
              },
              {
                "title": "should store the hashed key as the cache key",
                "fullTitle": "underscore/Function tests:  6. _memoize函数  should store the hashed key as the cache key",
                "timedOut": false,
                "duration": 0,
                "state": "passed",
                "speed": "fast",
                "pass": true,
                "fail": false,
                "pending": false,
                "code": "var objCacher = _main2.default.memoize(function (value, key) {\n    return { key: key, value: value };\n}, function (value, key) {\n    return key;\n});\nvar myObj = objCacher('a', 'alpha');\nvar myObjAlias = objCacher('b', 'alpha');\nassert.notStrictEqual(myObj, void 0, 'object is created if second argument used as key');\nassert.strictEqual(myObj, myObjAlias, 'object is cached if second argument used as key');\nassert.strictEqual(myObj.value, 'a', 'object is not modified if second argument used as key');",
                "err": {},
                "isRoot": false,
                "uuid": "b6e4fac2-a6d7-4db7-987c-23fbde57332d",
                "parentUUID": "d50bb115-620a-4757-81cf-1afdd7d05e3e",
                "isHook": false,
                "skipped": false
              }
            ],
            "pending": [],
            "root": false,
            "_timeout": 2000,
            "file": "/test/index.test.js",
            "uuid": "d50bb115-620a-4757-81cf-1afdd7d05e3e",
            "failedHooks": [],
            "fullFile": "/Users/luchen/Documents/study/test/underscore/test/index.test.js",
            "passes": [
              {
                "title": "should memoize the value of a fibonacci result and equal to it",
                "fullTitle": "underscore/Function tests:  6. _memoize函数  should memoize the value of a fibonacci result and equal to it",
                "timedOut": false,
                "duration": 0,
                "state": "passed",
                "speed": "fast",
                "pass": true,
                "fail": false,
                "pending": false,
                "code": "var memoFib = _main2.default.memoize(fib);\nassert.equal(fib(10), 55);\nassert.equal(memoFib(10), 55);",
                "err": {},
                "isRoot": false,
                "uuid": "1f058388-af4b-491f-8dd3-9bcc486d9898",
                "parentUUID": "d50bb115-620a-4757-81cf-1afdd7d05e3e",
                "isHook": false,
                "skipped": false
              },
              {
                "title": "should memoize all the result of the function",
                "fullTitle": "underscore/Function tests:  6. _memoize函数  should memoize all the result of the function",
                "timedOut": false,
                "duration": 0,
                "state": "passed",
                "speed": "fast",
                "pass": true,
                "fail": false,
                "pending": false,
                "code": "var upper = _main2.default.memoize(function (s) {\n    return s.toUpperCase();\n});\nassert.strictEqual(upper('foo'), 'FOO');\nassert.strictEqual(upper('bar'), 'BAR');\nassert.deepEqual(upper.cache, { 'foo': 'FOO', 'bar': 'BAR' }, 'cache return all the cached value');\nassert.property(upper, 'cache');",
                "err": {},
                "isRoot": false,
                "uuid": "3965d996-90a3-4b33-9e8d-b8d5a5619436",
                "parentUUID": "d50bb115-620a-4757-81cf-1afdd7d05e3e",
                "isHook": false,
                "skipped": false
              },
              {
                "title": "should store the hashed key as the cache key",
                "fullTitle": "underscore/Function tests:  6. _memoize函数  should store the hashed key as the cache key",
                "timedOut": false,
                "duration": 0,
                "state": "passed",
                "speed": "fast",
                "pass": true,
                "fail": false,
                "pending": false,
                "code": "var objCacher = _main2.default.memoize(function (value, key) {\n    return { key: key, value: value };\n}, function (value, key) {\n    return key;\n});\nvar myObj = objCacher('a', 'alpha');\nvar myObjAlias = objCacher('b', 'alpha');\nassert.notStrictEqual(myObj, void 0, 'object is created if second argument used as key');\nassert.strictEqual(myObj, myObjAlias, 'object is cached if second argument used as key');\nassert.strictEqual(myObj.value, 'a', 'object is not modified if second argument used as key');",
                "err": {},
                "isRoot": false,
                "uuid": "b6e4fac2-a6d7-4db7-987c-23fbde57332d",
                "parentUUID": "d50bb115-620a-4757-81cf-1afdd7d05e3e",
                "isHook": false,
                "skipped": false
              }
            ],
            "failures": [],
            "skipped": [],
            "hasTests": true,
            "hasFailedHooks": false,
            "hasSuites": false,
            "totalTests": 3,
            "totalPasses": 3,
            "totalFailures": 0,
            "totalPending": 0,
            "totalSkipped": 0,
            "hasPasses": true,
            "hasFailures": false,
            "hasPending": false,
            "hasSkipped": false,
            "duration": 0,
            "rootEmpty": false
          },
          {
            "title": "7. _Bind 函数 ",
            "suites": [],
            "tests": [
              {
                "title": "should have correct prototype , there are two circumstances: especially when called via the new operator",
                "fullTitle": "underscore/Function tests:  7. _Bind 函数  should have correct prototype , there are two circumstances: especially when called via the new operator",
                "timedOut": false,
                "duration": 0,
                "state": "passed",
                "speed": "fast",
                "pass": true,
                "fail": false,
                "pending": false,
                "code": "var F = function F() {\n    return this;\n};\nvar boundf = _main2.default.bind(F, { hello: 'moe curly' });\nvar Boundf = boundf; // make eslint happy.\nvar newBoundf = new Boundf();\nassert.strictEqual(newBoundf.hello, void 0, 'function should not be bound to the context, to comply with ECMAScript 5');\nassert.strictEqual(boundf().hello, 'moe curly', \"When called without the new operator, it's OK to be bound to the context\");\nassert.ok(newBoundf instanceof F, 'a bound instance is an instance of the original function');",
                "err": {},
                "isRoot": false,
                "uuid": "5ce9522d-9d7b-4580-89a8-70ef046307f9",
                "parentUUID": "c1133db8-ab72-4ac9-8492-4e3c135a5cfe",
                "isHook": false,
                "skipped": false
              },
              {
                "title": "can bind a function to a context",
                "fullTitle": "underscore/Function tests:  7. _Bind 函数  can bind a function to a context",
                "timedOut": false,
                "duration": 0,
                "state": "passed",
                "speed": "fast",
                "pass": true,
                "fail": false,
                "pending": false,
                "code": "var context = { name: 'moe' };\nvar func = function func(arg) {\n    return 'name: ' + (this.name || arg);\n};\nvar bound = _main2.default.bind(func, context);\nassert.strictEqual(bound(), 'name: moe', 'can bind a function to a context');",
                "err": {},
                "isRoot": false,
                "uuid": "8c8b3030-d9d4-4c2a-a7a7-059dc8a0f14b",
                "parentUUID": "c1133db8-ab72-4ac9-8492-4e3c135a5cfe",
                "isHook": false,
                "skipped": false
              },
              {
                "title": "can bind without specifying a context",
                "fullTitle": "underscore/Function tests:  7. _Bind 函数  can bind without specifying a context",
                "timedOut": false,
                "duration": 0,
                "state": "failed",
                "pass": false,
                "fail": true,
                "pending": false,
                "code": "var func = function func(arg) {\n    return 'name: ' + (this.name || arg);\n};\nvar bound = _main2.default.bind(func, null, 'curly');\nvar result = bound();\n// Work around a PhantomJS bug when applying a function with null|undefined.\nassert.ok(result === 'name: curly' || result === 'name: ' + window.name, 'can bind without specifying a context');",
                "err": {
                  "estack": "TypeError: Cannot read property 'name' of null\n    at func (test/main.test.js:183:36)\n    at Context.<anonymous> (test/main.test.js:187:26)"
                },
                "isRoot": false,
                "uuid": "d1a0db5b-9837-4763-9da2-469c51c2d012",
                "parentUUID": "c1133db8-ab72-4ac9-8492-4e3c135a5cfe",
                "isHook": false,
                "skipped": false
              },
              {
                "title": "can be bound to any value",
                "fullTitle": "underscore/Function tests:  7. _Bind 函数  can be bound to any value",
                "timedOut": false,
                "duration": 1,
                "state": "failed",
                "pass": false,
                "fail": true,
                "pending": false,
                "code": "var func = function func(salutation, firstname, lastname) {\n    return salutation + ': ' + firstname + ' ' + lastname;\n};\nfunc = _main2.default.bind(func, this, 'hello', 'moe', 'curly');\nassert.strictEqual(func(), 'hello: moe curly', 'the function was partially applied in advance and can accept multiple arguments');\nfunc = function func() {\n    return this;\n};\nassert.strictEqual(_typeof(_main2.default.bind(func, 0)()), 'object', 'binding a primitive to `this` returns a wrapped primitive');\nassert.strictEqual(_main2.default.bind(func, 0)().valueOf(), 0, 'can bind a function to `0`');\nassert.strictEqual(_main2.default.bind(func, '')().valueOf(), '', 'can bind a function to an empty string');\nassert.strictEqual(_main2.default.bind(func, false)().valueOf(), false, 'can bind a function to `false`');",
                "err": {
                  "name": "AssertionError",
                  "message": "binding a primitive to `this` returns a wrapped primitive: expected 'number' to equal 'object'",
                  "showDiff": true,
                  "actual": "number",
                  "expected": "object",
                  "estack": "AssertionError: binding a primitive to `this` returns a wrapped primitive: expected 'number' to equal 'object'\n    at Function.assert.strictEqual (node_modules/chai/lib/chai/interface/assert.js:178:32)\n    at Context.<anonymous> (test/main.test.js:201:20)",
                  "diff": "- number\n+ object\n",
                  "stack": "AssertionError: binding a primitive to `this` returns a wrapped primitive: expected 'number' to equal 'object'\n    at Function.assert.strictEqual (node_modules/chai/lib/chai/interface/assert.js:178:32)\n    at Context.<anonymous> (test/main.test.js:201:20)"
                },
                "isRoot": false,
                "uuid": "95d65473-05bb-4902-afd5-4eb5dcf7e0a0",
                "parentUUID": "c1133db8-ab72-4ac9-8492-4e3c135a5cfe",
                "isHook": false,
                "skipped": false
              }
            ],
            "pending": [],
            "root": false,
            "_timeout": 2000,
            "file": "/test/index.test.js",
            "uuid": "c1133db8-ab72-4ac9-8492-4e3c135a5cfe",
            "failedHooks": [],
            "fullFile": "/Users/luchen/Documents/study/test/underscore/test/index.test.js",
            "passes": [
              {
                "title": "should have correct prototype , there are two circumstances: especially when called via the new operator",
                "fullTitle": "underscore/Function tests:  7. _Bind 函数  should have correct prototype , there are two circumstances: especially when called via the new operator",
                "timedOut": false,
                "duration": 0,
                "state": "passed",
                "speed": "fast",
                "pass": true,
                "fail": false,
                "pending": false,
                "code": "var F = function F() {\n    return this;\n};\nvar boundf = _main2.default.bind(F, { hello: 'moe curly' });\nvar Boundf = boundf; // make eslint happy.\nvar newBoundf = new Boundf();\nassert.strictEqual(newBoundf.hello, void 0, 'function should not be bound to the context, to comply with ECMAScript 5');\nassert.strictEqual(boundf().hello, 'moe curly', \"When called without the new operator, it's OK to be bound to the context\");\nassert.ok(newBoundf instanceof F, 'a bound instance is an instance of the original function');",
                "err": {},
                "isRoot": false,
                "uuid": "5ce9522d-9d7b-4580-89a8-70ef046307f9",
                "parentUUID": "c1133db8-ab72-4ac9-8492-4e3c135a5cfe",
                "isHook": false,
                "skipped": false
              },
              {
                "title": "can bind a function to a context",
                "fullTitle": "underscore/Function tests:  7. _Bind 函数  can bind a function to a context",
                "timedOut": false,
                "duration": 0,
                "state": "passed",
                "speed": "fast",
                "pass": true,
                "fail": false,
                "pending": false,
                "code": "var context = { name: 'moe' };\nvar func = function func(arg) {\n    return 'name: ' + (this.name || arg);\n};\nvar bound = _main2.default.bind(func, context);\nassert.strictEqual(bound(), 'name: moe', 'can bind a function to a context');",
                "err": {},
                "isRoot": false,
                "uuid": "8c8b3030-d9d4-4c2a-a7a7-059dc8a0f14b",
                "parentUUID": "c1133db8-ab72-4ac9-8492-4e3c135a5cfe",
                "isHook": false,
                "skipped": false
              }
            ],
            "failures": [
              {
                "title": "can bind without specifying a context",
                "fullTitle": "underscore/Function tests:  7. _Bind 函数  can bind without specifying a context",
                "timedOut": false,
                "duration": 0,
                "state": "failed",
                "pass": false,
                "fail": true,
                "pending": false,
                "code": "var func = function func(arg) {\n    return 'name: ' + (this.name || arg);\n};\nvar bound = _main2.default.bind(func, null, 'curly');\nvar result = bound();\n// Work around a PhantomJS bug when applying a function with null|undefined.\nassert.ok(result === 'name: curly' || result === 'name: ' + window.name, 'can bind without specifying a context');",
                "err": {
                  "estack": "TypeError: Cannot read property 'name' of null\n    at func (test/main.test.js:183:36)\n    at Context.<anonymous> (test/main.test.js:187:26)"
                },
                "isRoot": false,
                "uuid": "d1a0db5b-9837-4763-9da2-469c51c2d012",
                "parentUUID": "c1133db8-ab72-4ac9-8492-4e3c135a5cfe",
                "isHook": false,
                "skipped": false
              },
              {
                "title": "can be bound to any value",
                "fullTitle": "underscore/Function tests:  7. _Bind 函数  can be bound to any value",
                "timedOut": false,
                "duration": 1,
                "state": "failed",
                "pass": false,
                "fail": true,
                "pending": false,
                "code": "var func = function func(salutation, firstname, lastname) {\n    return salutation + ': ' + firstname + ' ' + lastname;\n};\nfunc = _main2.default.bind(func, this, 'hello', 'moe', 'curly');\nassert.strictEqual(func(), 'hello: moe curly', 'the function was partially applied in advance and can accept multiple arguments');\nfunc = function func() {\n    return this;\n};\nassert.strictEqual(_typeof(_main2.default.bind(func, 0)()), 'object', 'binding a primitive to `this` returns a wrapped primitive');\nassert.strictEqual(_main2.default.bind(func, 0)().valueOf(), 0, 'can bind a function to `0`');\nassert.strictEqual(_main2.default.bind(func, '')().valueOf(), '', 'can bind a function to an empty string');\nassert.strictEqual(_main2.default.bind(func, false)().valueOf(), false, 'can bind a function to `false`');",
                "err": {
                  "name": "AssertionError",
                  "message": "binding a primitive to `this` returns a wrapped primitive: expected 'number' to equal 'object'",
                  "showDiff": true,
                  "actual": "number",
                  "expected": "object",
                  "estack": "AssertionError: binding a primitive to `this` returns a wrapped primitive: expected 'number' to equal 'object'\n    at Function.assert.strictEqual (node_modules/chai/lib/chai/interface/assert.js:178:32)\n    at Context.<anonymous> (test/main.test.js:201:20)",
                  "diff": "- number\n+ object\n",
                  "stack": "AssertionError: binding a primitive to `this` returns a wrapped primitive: expected 'number' to equal 'object'\n    at Function.assert.strictEqual (node_modules/chai/lib/chai/interface/assert.js:178:32)\n    at Context.<anonymous> (test/main.test.js:201:20)"
                },
                "isRoot": false,
                "uuid": "95d65473-05bb-4902-afd5-4eb5dcf7e0a0",
                "parentUUID": "c1133db8-ab72-4ac9-8492-4e3c135a5cfe",
                "isHook": false,
                "skipped": false
              }
            ],
            "skipped": [],
            "hasTests": true,
            "hasFailedHooks": false,
            "hasSuites": false,
            "totalTests": 4,
            "totalPasses": 2,
            "totalFailures": 2,
            "totalPending": 0,
            "totalSkipped": 0,
            "hasPasses": true,
            "hasFailures": true,
            "hasPending": false,
            "hasSkipped": false,
            "duration": 1,
            "rootEmpty": false
          },
          {
            "title": "8. _BindAll 函数 ",
            "suites": [],
            "tests": [
              {
                "title": "should meet the basic requirements of the bind",
                "fullTitle": "underscore/Function tests:  8. _BindAll 函数  should meet the basic requirements of the bind",
                "timedOut": false,
                "duration": 0,
                "state": "passed",
                "speed": "fast",
                "pass": true,
                "fail": false,
                "pending": false,
                "code": "var curly = { name: 'curly' };\nvar moe = {\n    name: 'moe',\n    getName: function getName() {\n        return 'name: ' + this.name;\n    },\n    sayHi: function sayHi() {\n        return 'hi: ' + this.name;\n    }\n};\ncurly.getName = moe.getName;\n_main2.default.bindAll(moe, 'getName', 'sayHi');\ncurly.sayHi = moe.sayHi;\nassert.strictEqual(curly.getName(), 'name: curly', 'unbound function is bound to current object');\nassert.strictEqual(curly.sayHi(), 'hi: moe', 'bound function is still bound to original object');",
                "err": {},
                "isRoot": false,
                "uuid": "077f0bf3-a39e-4a5a-9167-6f70eb408ac7",
                "parentUUID": "779402be-63a4-4ecb-b181-3df091f148e2",
                "isHook": false,
                "skipped": false
              }
            ],
            "pending": [],
            "root": false,
            "_timeout": 2000,
            "file": "/test/index.test.js",
            "uuid": "779402be-63a4-4ecb-b181-3df091f148e2",
            "failedHooks": [],
            "fullFile": "/Users/luchen/Documents/study/test/underscore/test/index.test.js",
            "passes": [
              {
                "title": "should meet the basic requirements of the bind",
                "fullTitle": "underscore/Function tests:  8. _BindAll 函数  should meet the basic requirements of the bind",
                "timedOut": false,
                "duration": 0,
                "state": "passed",
                "speed": "fast",
                "pass": true,
                "fail": false,
                "pending": false,
                "code": "var curly = { name: 'curly' };\nvar moe = {\n    name: 'moe',\n    getName: function getName() {\n        return 'name: ' + this.name;\n    },\n    sayHi: function sayHi() {\n        return 'hi: ' + this.name;\n    }\n};\ncurly.getName = moe.getName;\n_main2.default.bindAll(moe, 'getName', 'sayHi');\ncurly.sayHi = moe.sayHi;\nassert.strictEqual(curly.getName(), 'name: curly', 'unbound function is bound to current object');\nassert.strictEqual(curly.sayHi(), 'hi: moe', 'bound function is still bound to original object');",
                "err": {},
                "isRoot": false,
                "uuid": "077f0bf3-a39e-4a5a-9167-6f70eb408ac7",
                "parentUUID": "779402be-63a4-4ecb-b181-3df091f148e2",
                "isHook": false,
                "skipped": false
              }
            ],
            "failures": [],
            "skipped": [],
            "hasTests": true,
            "hasFailedHooks": false,
            "hasSuites": false,
            "totalTests": 1,
            "totalPasses": 1,
            "totalFailures": 0,
            "totalPending": 0,
            "totalSkipped": 0,
            "hasPasses": true,
            "hasFailures": false,
            "hasPending": false,
            "hasSkipped": false,
            "duration": 0,
            "rootEmpty": false
          }
        ],
        "tests": [],
        "pending": [],
        "root": false,
        "_timeout": 2000,
        "file": "/test/index.test.js",
        "uuid": "55785753-5869-4f86-83e0-a6b66b112f2f",
        "failedHooks": [],
        "fullFile": "/Users/luchen/Documents/study/test/underscore/test/index.test.js",
        "passes": [],
        "failures": [],
        "skipped": [],
        "hasTests": false,
        "hasFailedHooks": false,
        "hasSuites": true,
        "totalTests": 0,
        "totalPasses": 0,
        "totalFailures": 0,
        "totalPending": 0,
        "totalSkipped": 0,
        "hasPasses": false,
        "hasFailures": false,
        "hasPending": false,
        "hasSkipped": false,
        "duration": 0,
        "rootEmpty": false
      },
      {
        "title": "underscore/Function tests: ",
        "suites": [
          {
            "title": "1. _.shuffle 函数：",
            "suites": [],
            "tests": [
              {
                "title": "should shuffle an obj or an array with equal possibilities ",
                "fullTitle": "underscore/Function tests:  1. _.shuffle 函数： should shuffle an obj or an array with equal possibilities ",
                "timedOut": false,
                "duration": 1,
                "state": "passed",
                "speed": "fast",
                "pass": true,
                "fail": false,
                "pending": false,
                "code": "assert.deepEqual(_Collection2.default.shuffle([1]), [1], 'behaves correctly on size 1 arrays');\n            var numbers = _Collection2.default.range(20);\n            var shuffled = _Collection2.default.shuffle(numbers);\n            assert.notDeepEqual(numbers, shuffled, 'does change the order'); // Chance of false negative: 1 in ~2.4*10^18\n            assert.notStrictEqual(numbers, shuffled, 'original object is unmodified');\n            // assert.deepEqual(numbers, shuffled, 'contains the same members before and after shuffle');\n            shuffled = _Collection2.default.shuffle({ a: 1, b: 2, c: 3, d: 4 });\n            assert.strictEqual(shuffled.length, 4);\n            assert.deepEqual(shuffled.sort(), [1, 2, 3, 4], 'works on objects');",
                "err": {},
                "isRoot": false,
                "uuid": "0ef059b2-4171-454a-923f-87bfd77e65ff",
                "parentUUID": "ea18e618-baf6-41f6-8da8-a6f7785264c9",
                "isHook": false,
                "skipped": false
              }
            ],
            "pending": [],
            "root": false,
            "_timeout": 2000,
            "file": "/test/index.test.js",
            "uuid": "ea18e618-baf6-41f6-8da8-a6f7785264c9",
            "failedHooks": [],
            "fullFile": "/Users/luchen/Documents/study/test/underscore/test/index.test.js",
            "passes": [
              {
                "title": "should shuffle an obj or an array with equal possibilities ",
                "fullTitle": "underscore/Function tests:  1. _.shuffle 函数： should shuffle an obj or an array with equal possibilities ",
                "timedOut": false,
                "duration": 1,
                "state": "passed",
                "speed": "fast",
                "pass": true,
                "fail": false,
                "pending": false,
                "code": "assert.deepEqual(_Collection2.default.shuffle([1]), [1], 'behaves correctly on size 1 arrays');\n            var numbers = _Collection2.default.range(20);\n            var shuffled = _Collection2.default.shuffle(numbers);\n            assert.notDeepEqual(numbers, shuffled, 'does change the order'); // Chance of false negative: 1 in ~2.4*10^18\n            assert.notStrictEqual(numbers, shuffled, 'original object is unmodified');\n            // assert.deepEqual(numbers, shuffled, 'contains the same members before and after shuffle');\n            shuffled = _Collection2.default.shuffle({ a: 1, b: 2, c: 3, d: 4 });\n            assert.strictEqual(shuffled.length, 4);\n            assert.deepEqual(shuffled.sort(), [1, 2, 3, 4], 'works on objects');",
                "err": {},
                "isRoot": false,
                "uuid": "0ef059b2-4171-454a-923f-87bfd77e65ff",
                "parentUUID": "ea18e618-baf6-41f6-8da8-a6f7785264c9",
                "isHook": false,
                "skipped": false
              }
            ],
            "failures": [],
            "skipped": [],
            "hasTests": true,
            "hasFailedHooks": false,
            "hasSuites": false,
            "totalTests": 1,
            "totalPasses": 1,
            "totalFailures": 0,
            "totalPending": 0,
            "totalSkipped": 0,
            "hasPasses": true,
            "hasFailures": false,
            "hasPending": false,
            "hasSkipped": false,
            "duration": 1,
            "rootEmpty": false
          }
        ],
        "tests": [],
        "pending": [],
        "root": false,
        "_timeout": 2000,
        "file": "/test/index.test.js",
        "uuid": "0fe56612-7318-4c03-8ead-2c33a74332c6",
        "failedHooks": [],
        "fullFile": "/Users/luchen/Documents/study/test/underscore/test/index.test.js",
        "passes": [],
        "failures": [],
        "skipped": [],
        "hasTests": false,
        "hasFailedHooks": false,
        "hasSuites": true,
        "totalTests": 0,
        "totalPasses": 0,
        "totalFailures": 0,
        "totalPending": 0,
        "totalSkipped": 0,
        "hasPasses": false,
        "hasFailures": false,
        "hasPending": false,
        "hasSkipped": false,
        "duration": 0,
        "rootEmpty": false
      }
    ],
    "tests": [],
    "pending": [],
    "root": true,
    "_timeout": 2000,
    "uuid": "26d37fc3-aaa8-4156-abb9-c1af55e0c5b5",
    "failedHooks": [],
    "fullFile": "",
    "file": "",
    "passes": [],
    "failures": [],
    "skipped": [],
    "hasTests": false,
    "hasFailedHooks": false,
    "hasSuites": true,
    "totalTests": 0,
    "totalPasses": 0,
    "totalFailures": 0,
    "totalPending": 0,
    "totalSkipped": 0,
    "hasPasses": false,
    "hasFailures": false,
    "hasPending": false,
    "hasSkipped": false,
    "duration": 0,
    "rootEmpty": true
  },
  "allTests": [
    {
      "title": "should return a function ",
      "fullTitle": "1. _.componse 函数： should return a function ",
      "timedOut": false,
      "duration": 0,
      "state": "passed",
      "speed": "fast",
      "pass": true,
      "fail": false,
      "pending": false,
      "code": "var componsedFun = _main2.default.compose(new Function(), new Function());\nassert.equal(true, (0, _util.isTypeof)('Function')(componsedFun));",
      "err": {},
      "isRoot": false,
      "uuid": "6499c925-b9d1-481b-aea9-973a1757fad9",
      "parentUUID": "db6b73e6-d71e-4370-a0ed-bbfff3658727",
      "isHook": false,
      "skipped": false
    },
    {
      "title": "should passing returned value to next functions",
      "fullTitle": "1. _.componse 函数： should passing returned value to next functions",
      "timedOut": false,
      "duration": 0,
      "state": "passed",
      "speed": "fast",
      "pass": true,
      "fail": false,
      "pending": false,
      "code": "var greet = function greet(name) {\n                assert.equal(name, 'MOE!');\n            };",
      "err": {},
      "isRoot": false,
      "uuid": "b0e41607-aa18-4f08-af3e-c39b2ee57e3c",
      "parentUUID": "db6b73e6-d71e-4370-a0ed-bbfff3658727",
      "isHook": false,
      "skipped": false
    },
    {
      "title": "should chain functions and passing values to finally get the result",
      "fullTitle": "1. _.componse 函数： should chain functions and passing values to finally get the result",
      "timedOut": false,
      "duration": 0,
      "state": "passed",
      "speed": "fast",
      "pass": true,
      "fail": false,
      "pending": false,
      "code": "var greet = function greet(name) {\n                return 'hi ' + name;\n            };\n            var welcome = _main2.default.compose(greet, exclaim);\n            assert.equal('hi MOE!', welcome('moe'));",
      "err": {},
      "isRoot": false,
      "uuid": "f4ed21ab-5dcd-4f24-8ed0-3a666a6c3435",
      "parentUUID": "db6b73e6-d71e-4370-a0ed-bbfff3658727",
      "isHook": false,
      "skipped": false
    },
    {
      "title": "should be excuted until all have excuted ",
      "fullTitle": "2. _.after 函数： should be excuted until all have excuted ",
      "timedOut": false,
      "duration": 0,
      "state": "passed",
      "speed": "fast",
      "pass": true,
      "fail": false,
      "pending": false,
      "code": "var _this = this;\nvar count = 0;\nvar render = function render() {\n    // console.log('---done!---')\n    assert.equal(count, notes.length);\n    done();\n};\nvar renderNotes = _main2.default.after(notes.length, render);\nnotes.forEach(function (note) {\n    var fn = function (note) {\n        count++;\n        // console.log('  note  ',note);\n        renderNotes();\n    }.bind(_this, note);\n    (0, _util.asyncFunction)(fn);\n});",
      "err": {},
      "isRoot": false,
      "uuid": "64132fe2-8276-4c6c-ada6-eb28592c90ab",
      "parentUUID": "2c59eea2-d78a-45ec-8b9e-b94be7a63751",
      "isHook": false,
      "skipped": false
    },
    {
      "title": "should return the same result after count",
      "fullTitle": "3. _.before 函数： should return the same result after count",
      "timedOut": false,
      "duration": 0,
      "state": "passed",
      "speed": "fast",
      "pass": true,
      "fail": false,
      "pending": false,
      "code": "var initial = 1000,\n    step = 100;\nvar askForRaise = function (initial, step) {\n    var salary = initial;\n    return function () {\n        salary += step;\n        return salary;\n    };\n}(initial, step);\nvar raiseSalaryBy100 = _main2.default.before(count, askForRaise);\nvar randomExcutedCount = count + Math.floor(Math.random() * 100),\n    finalSalary = initial + step * count;\nvar result = Array.from(new Array(randomExcutedCount).keys()).every(function (index) {\n    var curSalary = raiseSalaryBy100();\n    if (index + 1 >= count) return finalSalary === curSalary;\n    return curSalary === initial + step * (index + 1);\n});\nassert.equal(result, true);",
      "err": {},
      "isRoot": false,
      "uuid": "d78dee10-de86-4e28-8216-e786cf3179de",
      "parentUUID": "ae03e7be-c4dc-49df-bc12-891129b8fd14",
      "isHook": false,
      "skipped": false
    },
    {
      "title": "should pre-fill partial args and get final value",
      "fullTitle": "4. _.partial 函数： should pre-fill partial args and get final value",
      "timedOut": false,
      "duration": 1,
      "state": "passed",
      "speed": "fast",
      "pass": true,
      "fail": false,
      "pending": false,
      "code": "var add = function add(a, b) {\n    return a + b;\n};\nvar add5 = _main2.default.partial(add, 5);\nassert.equal(15, add5(10));",
      "err": {},
      "isRoot": false,
      "uuid": "857e43fe-16d4-4a2c-a658-5c8f08531c00",
      "parentUUID": "c7534617-fa35-4d90-8bd1-e72c4f7c129d",
      "isHook": false,
      "skipped": false
    },
    {
      "title": "should remain un-filled when passing _ to the args",
      "fullTitle": "4. _.partial 函数： should remain un-filled when passing _ to the args",
      "timedOut": false,
      "duration": 0,
      "state": "passed",
      "speed": "fast",
      "pass": true,
      "fail": false,
      "pending": false,
      "code": "var selectMin = function selectMin() {\n    for (var _len = arguments.length, args = Array(_len), _key = 0; _key < _len; _key++) {\n        args[_key] = arguments[_key];\n    }\n    return Math.min.apply(null, args);\n};\nvar selectMinArgs = _main2.default.partial(selectMin, _main2.default, 4, 5);\nassert.equal(4, selectMinArgs(10));",
      "err": {},
      "isRoot": false,
      "uuid": "e493adea-0c85-4d35-8c4a-829a66695d0a",
      "parentUUID": "c7534617-fa35-4d90-8bd1-e72c4f7c129d",
      "isHook": false,
      "skipped": false
    },
    {
      "title": "accepts more arguments than the number of placeholders",
      "fullTitle": "4. _.partial 函数： accepts more arguments than the number of placeholders",
      "timedOut": false,
      "duration": 0,
      "state": "passed",
      "speed": "fast",
      "pass": true,
      "fail": false,
      "pending": false,
      "code": "var func = _main2.default.partial(function () {\n    return arguments.length;\n}, _main2.default, 'b', _main2.default, 'd');\nassert.equal(5, func('a', 'c', 'e'));",
      "err": {},
      "isRoot": false,
      "uuid": "ef8a5a31-a1f1-4fe8-b43a-a20400bac327",
      "parentUUID": "c7534617-fa35-4d90-8bd1-e72c4f7c129d",
      "isHook": false,
      "skipped": false
    },
    {
      "title": "cound remain arg length when some of the placeholders aren't fullfilled when calling",
      "fullTitle": "4. _.partial 函数： cound remain arg length when some of the placeholders aren't fullfilled when calling",
      "timedOut": false,
      "duration": 0,
      "state": "passed",
      "speed": "fast",
      "pass": true,
      "fail": false,
      "pending": false,
      "code": "var func = _main2.default.partial(function () {\n    return arguments.length;\n}, _main2.default, 'b', _main2.default, 'd');\nassert.equal(4, func('a'));",
      "err": {},
      "isRoot": false,
      "uuid": "03fbaa0e-650e-4088-9930-f1beec443843",
      "parentUUID": "c7534617-fa35-4d90-8bd1-e72c4f7c129d",
      "isHook": false,
      "skipped": false
    },
    {
      "title": "unfilled placeholders are undefined",
      "fullTitle": "4. _.partial 函数： unfilled placeholders are undefined",
      "timedOut": false,
      "duration": 0,
      "state": "passed",
      "speed": "fast",
      "pass": true,
      "fail": false,
      "pending": false,
      "code": "var func = _main2.default.partial(function () {\n    return arguments[2];\n}, _main2.default, 'b', _main2.default, 'd');\nassert.equal(undefined, func('a'));",
      "err": {},
      "isRoot": false,
      "uuid": "14f6e184-6043-461b-ba09-da8d609957d1",
      "parentUUID": "c7534617-fa35-4d90-8bd1-e72c4f7c129d",
      "isHook": false,
      "skipped": false
    },
    {
      "title": "should wrap the given salutation function",
      "fullTitle": "5. _wrap函数  should wrap the given salutation function",
      "timedOut": false,
      "duration": 0,
      "state": "passed",
      "speed": "fast",
      "pass": true,
      "fail": false,
      "pending": false,
      "code": "var hello = function hello(name) {\n    return 'hello: ' + name;\n};\nhello = _main2.default.wrap(hello, function (func) {\n    return \"before, \" + func(\"moe\") + \", after\";\n});\nassert.equal(hello(), 'before, hello: moe, after');",
      "err": {},
      "isRoot": false,
      "uuid": "a0358148-cfa2-4119-b0ff-15008b4aeae9",
      "parentUUID": "73b7c603-0895-4b87-8cb1-03b59c9086a7",
      "isHook": false,
      "skipped": false
    },
    {
      "title": "should hold fn as the first parameter of the wrapper",
      "fullTitle": "5. _wrap函数  should hold fn as the first parameter of the wrapper",
      "timedOut": false,
      "duration": 0,
      "state": "passed",
      "speed": "fast",
      "pass": true,
      "fail": false,
      "pending": false,
      "code": "var hello = function hello(name) {\n    return 'hello: ' + name;\n};\nvar wrappedHello = _main2.default.wrap(hello, function (func) {\n    assert.equal(hello, func);\n    return \"before, \" + func(\"moe\") + \", after\";;\n});\nwrappedHello();",
      "err": {},
      "isRoot": false,
      "uuid": "cabdba76-d54b-42c0-8b2f-1ca3a239d636",
      "parentUUID": "73b7c603-0895-4b87-8cb1-03b59c9086a7",
      "isHook": false,
      "skipped": false
    },
    {
      "title": "should memoize the value of a fibonacci result and equal to it",
      "fullTitle": "6. _memoize函数  should memoize the value of a fibonacci result and equal to it",
      "timedOut": false,
      "duration": 0,
      "state": "passed",
      "speed": "fast",
      "pass": true,
      "fail": false,
      "pending": false,
      "code": "var memoFib = _main2.default.memoize(fib);\nassert.equal(fib(10), 55);\nassert.equal(memoFib(10), 55);",
      "err": {},
      "isRoot": false,
      "uuid": "1f058388-af4b-491f-8dd3-9bcc486d9898",
      "parentUUID": "d50bb115-620a-4757-81cf-1afdd7d05e3e",
      "isHook": false,
      "skipped": false
    },
    {
      "title": "should memoize all the result of the function",
      "fullTitle": "6. _memoize函数  should memoize all the result of the function",
      "timedOut": false,
      "duration": 0,
      "state": "passed",
      "speed": "fast",
      "pass": true,
      "fail": false,
      "pending": false,
      "code": "var upper = _main2.default.memoize(function (s) {\n    return s.toUpperCase();\n});\nassert.strictEqual(upper('foo'), 'FOO');\nassert.strictEqual(upper('bar'), 'BAR');\nassert.deepEqual(upper.cache, { 'foo': 'FOO', 'bar': 'BAR' }, 'cache return all the cached value');\nassert.property(upper, 'cache');",
      "err": {},
      "isRoot": false,
      "uuid": "3965d996-90a3-4b33-9e8d-b8d5a5619436",
      "parentUUID": "d50bb115-620a-4757-81cf-1afdd7d05e3e",
      "isHook": false,
      "skipped": false
    },
    {
      "title": "should store the hashed key as the cache key",
      "fullTitle": "6. _memoize函数  should store the hashed key as the cache key",
      "timedOut": false,
      "duration": 0,
      "state": "passed",
      "speed": "fast",
      "pass": true,
      "fail": false,
      "pending": false,
      "code": "var objCacher = _main2.default.memoize(function (value, key) {\n    return { key: key, value: value };\n}, function (value, key) {\n    return key;\n});\nvar myObj = objCacher('a', 'alpha');\nvar myObjAlias = objCacher('b', 'alpha');\nassert.notStrictEqual(myObj, void 0, 'object is created if second argument used as key');\nassert.strictEqual(myObj, myObjAlias, 'object is cached if second argument used as key');\nassert.strictEqual(myObj.value, 'a', 'object is not modified if second argument used as key');",
      "err": {},
      "isRoot": false,
      "uuid": "b6e4fac2-a6d7-4db7-987c-23fbde57332d",
      "parentUUID": "d50bb115-620a-4757-81cf-1afdd7d05e3e",
      "isHook": false,
      "skipped": false
    },
    {
      "title": "should have correct prototype , there are two circumstances: especially when called via the new operator",
      "fullTitle": "7. _Bind 函数  should have correct prototype , there are two circumstances: especially when called via the new operator",
      "timedOut": false,
      "duration": 0,
      "state": "passed",
      "speed": "fast",
      "pass": true,
      "fail": false,
      "pending": false,
      "code": "var F = function F() {\n    return this;\n};\nvar boundf = _main2.default.bind(F, { hello: 'moe curly' });\nvar Boundf = boundf; // make eslint happy.\nvar newBoundf = new Boundf();\nassert.strictEqual(newBoundf.hello, void 0, 'function should not be bound to the context, to comply with ECMAScript 5');\nassert.strictEqual(boundf().hello, 'moe curly', \"When called without the new operator, it's OK to be bound to the context\");\nassert.ok(newBoundf instanceof F, 'a bound instance is an instance of the original function');",
      "err": {},
      "isRoot": false,
      "uuid": "5ce9522d-9d7b-4580-89a8-70ef046307f9",
      "parentUUID": "c1133db8-ab72-4ac9-8492-4e3c135a5cfe",
      "isHook": false,
      "skipped": false
    },
    {
      "title": "can bind a function to a context",
      "fullTitle": "7. _Bind 函数  can bind a function to a context",
      "timedOut": false,
      "duration": 0,
      "state": "passed",
      "speed": "fast",
      "pass": true,
      "fail": false,
      "pending": false,
      "code": "var context = { name: 'moe' };\nvar func = function func(arg) {\n    return 'name: ' + (this.name || arg);\n};\nvar bound = _main2.default.bind(func, context);\nassert.strictEqual(bound(), 'name: moe', 'can bind a function to a context');",
      "err": {},
      "isRoot": false,
      "uuid": "8c8b3030-d9d4-4c2a-a7a7-059dc8a0f14b",
      "parentUUID": "c1133db8-ab72-4ac9-8492-4e3c135a5cfe",
      "isHook": false,
      "skipped": false
    },
    {
      "title": "can bind without specifying a context",
      "fullTitle": "7. _Bind 函数  can bind without specifying a context",
      "timedOut": false,
      "duration": 0,
      "state": "failed",
      "pass": false,
      "fail": true,
      "pending": false,
      "code": "var func = function func(arg) {\n    return 'name: ' + (this.name || arg);\n};\nvar bound = _main2.default.bind(func, null, 'curly');\nvar result = bound();\n// Work around a PhantomJS bug when applying a function with null|undefined.\nassert.ok(result === 'name: curly' || result === 'name: ' + window.name, 'can bind without specifying a context');",
      "err": {
        "estack": "TypeError: Cannot read property 'name' of null\n    at func (test/main.test.js:183:36)\n    at Context.<anonymous> (test/main.test.js:187:26)"
      },
      "isRoot": false,
      "uuid": "d1a0db5b-9837-4763-9da2-469c51c2d012",
      "parentUUID": "c1133db8-ab72-4ac9-8492-4e3c135a5cfe",
      "isHook": false,
      "skipped": false
    },
    {
      "title": "can be bound to any value",
      "fullTitle": "7. _Bind 函数  can be bound to any value",
      "timedOut": false,
      "duration": 1,
      "state": "failed",
      "pass": false,
      "fail": true,
      "pending": false,
      "code": "var func = function func(salutation, firstname, lastname) {\n    return salutation + ': ' + firstname + ' ' + lastname;\n};\nfunc = _main2.default.bind(func, this, 'hello', 'moe', 'curly');\nassert.strictEqual(func(), 'hello: moe curly', 'the function was partially applied in advance and can accept multiple arguments');\nfunc = function func() {\n    return this;\n};\nassert.strictEqual(_typeof(_main2.default.bind(func, 0)()), 'object', 'binding a primitive to `this` returns a wrapped primitive');\nassert.strictEqual(_main2.default.bind(func, 0)().valueOf(), 0, 'can bind a function to `0`');\nassert.strictEqual(_main2.default.bind(func, '')().valueOf(), '', 'can bind a function to an empty string');\nassert.strictEqual(_main2.default.bind(func, false)().valueOf(), false, 'can bind a function to `false`');",
      "err": {
        "name": "AssertionError",
        "message": "binding a primitive to `this` returns a wrapped primitive: expected 'number' to equal 'object'",
        "showDiff": true,
        "actual": "number",
        "expected": "object",
        "estack": "AssertionError: binding a primitive to `this` returns a wrapped primitive: expected 'number' to equal 'object'\n    at Function.assert.strictEqual (node_modules/chai/lib/chai/interface/assert.js:178:32)\n    at Context.<anonymous> (test/main.test.js:201:20)",
        "diff": "- number\n+ object\n",
        "stack": "AssertionError: binding a primitive to `this` returns a wrapped primitive: expected 'number' to equal 'object'\n    at Function.assert.strictEqual (node_modules/chai/lib/chai/interface/assert.js:178:32)\n    at Context.<anonymous> (test/main.test.js:201:20)"
      },
      "isRoot": false,
      "uuid": "95d65473-05bb-4902-afd5-4eb5dcf7e0a0",
      "parentUUID": "c1133db8-ab72-4ac9-8492-4e3c135a5cfe",
      "isHook": false,
      "skipped": false
    },
    {
      "title": "should meet the basic requirements of the bind",
      "fullTitle": "8. _BindAll 函数  should meet the basic requirements of the bind",
      "timedOut": false,
      "duration": 0,
      "state": "passed",
      "speed": "fast",
      "pass": true,
      "fail": false,
      "pending": false,
      "code": "var curly = { name: 'curly' };\nvar moe = {\n    name: 'moe',\n    getName: function getName() {\n        return 'name: ' + this.name;\n    },\n    sayHi: function sayHi() {\n        return 'hi: ' + this.name;\n    }\n};\ncurly.getName = moe.getName;\n_main2.default.bindAll(moe, 'getName', 'sayHi');\ncurly.sayHi = moe.sayHi;\nassert.strictEqual(curly.getName(), 'name: curly', 'unbound function is bound to current object');\nassert.strictEqual(curly.sayHi(), 'hi: moe', 'bound function is still bound to original object');",
      "err": {},
      "isRoot": false,
      "uuid": "077f0bf3-a39e-4a5a-9167-6f70eb408ac7",
      "parentUUID": "779402be-63a4-4ecb-b181-3df091f148e2",
      "isHook": false,
      "skipped": false
    },
    {
      "title": "should shuffle an obj or an array with equal possibilities ",
      "fullTitle": "1. _.shuffle 函数： should shuffle an obj or an array with equal possibilities ",
      "timedOut": false,
      "duration": 1,
      "state": "passed",
      "speed": "fast",
      "pass": true,
      "fail": false,
      "pending": false,
      "code": "assert.deepEqual(_Collection2.default.shuffle([1]), [1], 'behaves correctly on size 1 arrays');\n            var numbers = _Collection2.default.range(20);\n            var shuffled = _Collection2.default.shuffle(numbers);\n            assert.notDeepEqual(numbers, shuffled, 'does change the order'); // Chance of false negative: 1 in ~2.4*10^18\n            assert.notStrictEqual(numbers, shuffled, 'original object is unmodified');\n            // assert.deepEqual(numbers, shuffled, 'contains the same members before and after shuffle');\n            shuffled = _Collection2.default.shuffle({ a: 1, b: 2, c: 3, d: 4 });\n            assert.strictEqual(shuffled.length, 4);\n            assert.deepEqual(shuffled.sort(), [1, 2, 3, 4], 'works on objects');",
      "err": {},
      "isRoot": false,
      "uuid": "0ef059b2-4171-454a-923f-87bfd77e65ff",
      "parentUUID": "ea18e618-baf6-41f6-8da8-a6f7785264c9",
      "isHook": false,
      "skipped": false
    }
  ],
  "allPending": [],
  "allPasses": [
    {
      "title": "should return a function ",
      "fullTitle": "1. _.componse 函数： should return a function ",
      "timedOut": false,
      "duration": 0,
      "state": "passed",
      "speed": "fast",
      "pass": true,
      "fail": false,
      "pending": false,
      "code": "var componsedFun = _main2.default.compose(new Function(), new Function());\nassert.equal(true, (0, _util.isTypeof)('Function')(componsedFun));",
      "err": {},
      "isRoot": false,
      "uuid": "6499c925-b9d1-481b-aea9-973a1757fad9",
      "parentUUID": "db6b73e6-d71e-4370-a0ed-bbfff3658727",
      "isHook": false,
      "skipped": false
    },
    {
      "title": "should passing returned value to next functions",
      "fullTitle": "1. _.componse 函数： should passing returned value to next functions",
      "timedOut": false,
      "duration": 0,
      "state": "passed",
      "speed": "fast",
      "pass": true,
      "fail": false,
      "pending": false,
      "code": "var greet = function greet(name) {\n                assert.equal(name, 'MOE!');\n            };",
      "err": {},
      "isRoot": false,
      "uuid": "b0e41607-aa18-4f08-af3e-c39b2ee57e3c",
      "parentUUID": "db6b73e6-d71e-4370-a0ed-bbfff3658727",
      "isHook": false,
      "skipped": false
    },
    {
      "title": "should chain functions and passing values to finally get the result",
      "fullTitle": "1. _.componse 函数： should chain functions and passing values to finally get the result",
      "timedOut": false,
      "duration": 0,
      "state": "passed",
      "speed": "fast",
      "pass": true,
      "fail": false,
      "pending": false,
      "code": "var greet = function greet(name) {\n                return 'hi ' + name;\n            };\n            var welcome = _main2.default.compose(greet, exclaim);\n            assert.equal('hi MOE!', welcome('moe'));",
      "err": {},
      "isRoot": false,
      "uuid": "f4ed21ab-5dcd-4f24-8ed0-3a666a6c3435",
      "parentUUID": "db6b73e6-d71e-4370-a0ed-bbfff3658727",
      "isHook": false,
      "skipped": false
    },
    {
      "title": "should be excuted until all have excuted ",
      "fullTitle": "2. _.after 函数： should be excuted until all have excuted ",
      "timedOut": false,
      "duration": 0,
      "state": "passed",
      "speed": "fast",
      "pass": true,
      "fail": false,
      "pending": false,
      "code": "var _this = this;\nvar count = 0;\nvar render = function render() {\n    // console.log('---done!---')\n    assert.equal(count, notes.length);\n    done();\n};\nvar renderNotes = _main2.default.after(notes.length, render);\nnotes.forEach(function (note) {\n    var fn = function (note) {\n        count++;\n        // console.log('  note  ',note);\n        renderNotes();\n    }.bind(_this, note);\n    (0, _util.asyncFunction)(fn);\n});",
      "err": {},
      "isRoot": false,
      "uuid": "64132fe2-8276-4c6c-ada6-eb28592c90ab",
      "parentUUID": "2c59eea2-d78a-45ec-8b9e-b94be7a63751",
      "isHook": false,
      "skipped": false
    },
    {
      "title": "should return the same result after count",
      "fullTitle": "3. _.before 函数： should return the same result after count",
      "timedOut": false,
      "duration": 0,
      "state": "passed",
      "speed": "fast",
      "pass": true,
      "fail": false,
      "pending": false,
      "code": "var initial = 1000,\n    step = 100;\nvar askForRaise = function (initial, step) {\n    var salary = initial;\n    return function () {\n        salary += step;\n        return salary;\n    };\n}(initial, step);\nvar raiseSalaryBy100 = _main2.default.before(count, askForRaise);\nvar randomExcutedCount = count + Math.floor(Math.random() * 100),\n    finalSalary = initial + step * count;\nvar result = Array.from(new Array(randomExcutedCount).keys()).every(function (index) {\n    var curSalary = raiseSalaryBy100();\n    if (index + 1 >= count) return finalSalary === curSalary;\n    return curSalary === initial + step * (index + 1);\n});\nassert.equal(result, true);",
      "err": {},
      "isRoot": false,
      "uuid": "d78dee10-de86-4e28-8216-e786cf3179de",
      "parentUUID": "ae03e7be-c4dc-49df-bc12-891129b8fd14",
      "isHook": false,
      "skipped": false
    },
    {
      "title": "should pre-fill partial args and get final value",
      "fullTitle": "4. _.partial 函数： should pre-fill partial args and get final value",
      "timedOut": false,
      "duration": 1,
      "state": "passed",
      "speed": "fast",
      "pass": true,
      "fail": false,
      "pending": false,
      "code": "var add = function add(a, b) {\n    return a + b;\n};\nvar add5 = _main2.default.partial(add, 5);\nassert.equal(15, add5(10));",
      "err": {},
      "isRoot": false,
      "uuid": "857e43fe-16d4-4a2c-a658-5c8f08531c00",
      "parentUUID": "c7534617-fa35-4d90-8bd1-e72c4f7c129d",
      "isHook": false,
      "skipped": false
    },
    {
      "title": "should remain un-filled when passing _ to the args",
      "fullTitle": "4. _.partial 函数： should remain un-filled when passing _ to the args",
      "timedOut": false,
      "duration": 0,
      "state": "passed",
      "speed": "fast",
      "pass": true,
      "fail": false,
      "pending": false,
      "code": "var selectMin = function selectMin() {\n    for (var _len = arguments.length, args = Array(_len), _key = 0; _key < _len; _key++) {\n        args[_key] = arguments[_key];\n    }\n    return Math.min.apply(null, args);\n};\nvar selectMinArgs = _main2.default.partial(selectMin, _main2.default, 4, 5);\nassert.equal(4, selectMinArgs(10));",
      "err": {},
      "isRoot": false,
      "uuid": "e493adea-0c85-4d35-8c4a-829a66695d0a",
      "parentUUID": "c7534617-fa35-4d90-8bd1-e72c4f7c129d",
      "isHook": false,
      "skipped": false
    },
    {
      "title": "accepts more arguments than the number of placeholders",
      "fullTitle": "4. _.partial 函数： accepts more arguments than the number of placeholders",
      "timedOut": false,
      "duration": 0,
      "state": "passed",
      "speed": "fast",
      "pass": true,
      "fail": false,
      "pending": false,
      "code": "var func = _main2.default.partial(function () {\n    return arguments.length;\n}, _main2.default, 'b', _main2.default, 'd');\nassert.equal(5, func('a', 'c', 'e'));",
      "err": {},
      "isRoot": false,
      "uuid": "ef8a5a31-a1f1-4fe8-b43a-a20400bac327",
      "parentUUID": "c7534617-fa35-4d90-8bd1-e72c4f7c129d",
      "isHook": false,
      "skipped": false
    },
    {
      "title": "cound remain arg length when some of the placeholders aren't fullfilled when calling",
      "fullTitle": "4. _.partial 函数： cound remain arg length when some of the placeholders aren't fullfilled when calling",
      "timedOut": false,
      "duration": 0,
      "state": "passed",
      "speed": "fast",
      "pass": true,
      "fail": false,
      "pending": false,
      "code": "var func = _main2.default.partial(function () {\n    return arguments.length;\n}, _main2.default, 'b', _main2.default, 'd');\nassert.equal(4, func('a'));",
      "err": {},
      "isRoot": false,
      "uuid": "03fbaa0e-650e-4088-9930-f1beec443843",
      "parentUUID": "c7534617-fa35-4d90-8bd1-e72c4f7c129d",
      "isHook": false,
      "skipped": false
    },
    {
      "title": "unfilled placeholders are undefined",
      "fullTitle": "4. _.partial 函数： unfilled placeholders are undefined",
      "timedOut": false,
      "duration": 0,
      "state": "passed",
      "speed": "fast",
      "pass": true,
      "fail": false,
      "pending": false,
      "code": "var func = _main2.default.partial(function () {\n    return arguments[2];\n}, _main2.default, 'b', _main2.default, 'd');\nassert.equal(undefined, func('a'));",
      "err": {},
      "isRoot": false,
      "uuid": "14f6e184-6043-461b-ba09-da8d609957d1",
      "parentUUID": "c7534617-fa35-4d90-8bd1-e72c4f7c129d",
      "isHook": false,
      "skipped": false
    },
    {
      "title": "should wrap the given salutation function",
      "fullTitle": "5. _wrap函数  should wrap the given salutation function",
      "timedOut": false,
      "duration": 0,
      "state": "passed",
      "speed": "fast",
      "pass": true,
      "fail": false,
      "pending": false,
      "code": "var hello = function hello(name) {\n    return 'hello: ' + name;\n};\nhello = _main2.default.wrap(hello, function (func) {\n    return \"before, \" + func(\"moe\") + \", after\";\n});\nassert.equal(hello(), 'before, hello: moe, after');",
      "err": {},
      "isRoot": false,
      "uuid": "a0358148-cfa2-4119-b0ff-15008b4aeae9",
      "parentUUID": "73b7c603-0895-4b87-8cb1-03b59c9086a7",
      "isHook": false,
      "skipped": false
    },
    {
      "title": "should hold fn as the first parameter of the wrapper",
      "fullTitle": "5. _wrap函数  should hold fn as the first parameter of the wrapper",
      "timedOut": false,
      "duration": 0,
      "state": "passed",
      "speed": "fast",
      "pass": true,
      "fail": false,
      "pending": false,
      "code": "var hello = function hello(name) {\n    return 'hello: ' + name;\n};\nvar wrappedHello = _main2.default.wrap(hello, function (func) {\n    assert.equal(hello, func);\n    return \"before, \" + func(\"moe\") + \", after\";;\n});\nwrappedHello();",
      "err": {},
      "isRoot": false,
      "uuid": "cabdba76-d54b-42c0-8b2f-1ca3a239d636",
      "parentUUID": "73b7c603-0895-4b87-8cb1-03b59c9086a7",
      "isHook": false,
      "skipped": false
    },
    {
      "title": "should memoize the value of a fibonacci result and equal to it",
      "fullTitle": "6. _memoize函数  should memoize the value of a fibonacci result and equal to it",
      "timedOut": false,
      "duration": 0,
      "state": "passed",
      "speed": "fast",
      "pass": true,
      "fail": false,
      "pending": false,
      "code": "var memoFib = _main2.default.memoize(fib);\nassert.equal(fib(10), 55);\nassert.equal(memoFib(10), 55);",
      "err": {},
      "isRoot": false,
      "uuid": "1f058388-af4b-491f-8dd3-9bcc486d9898",
      "parentUUID": "d50bb115-620a-4757-81cf-1afdd7d05e3e",
      "isHook": false,
      "skipped": false
    },
    {
      "title": "should memoize all the result of the function",
      "fullTitle": "6. _memoize函数  should memoize all the result of the function",
      "timedOut": false,
      "duration": 0,
      "state": "passed",
      "speed": "fast",
      "pass": true,
      "fail": false,
      "pending": false,
      "code": "var upper = _main2.default.memoize(function (s) {\n    return s.toUpperCase();\n});\nassert.strictEqual(upper('foo'), 'FOO');\nassert.strictEqual(upper('bar'), 'BAR');\nassert.deepEqual(upper.cache, { 'foo': 'FOO', 'bar': 'BAR' }, 'cache return all the cached value');\nassert.property(upper, 'cache');",
      "err": {},
      "isRoot": false,
      "uuid": "3965d996-90a3-4b33-9e8d-b8d5a5619436",
      "parentUUID": "d50bb115-620a-4757-81cf-1afdd7d05e3e",
      "isHook": false,
      "skipped": false
    },
    {
      "title": "should store the hashed key as the cache key",
      "fullTitle": "6. _memoize函数  should store the hashed key as the cache key",
      "timedOut": false,
      "duration": 0,
      "state": "passed",
      "speed": "fast",
      "pass": true,
      "fail": false,
      "pending": false,
      "code": "var objCacher = _main2.default.memoize(function (value, key) {\n    return { key: key, value: value };\n}, function (value, key) {\n    return key;\n});\nvar myObj = objCacher('a', 'alpha');\nvar myObjAlias = objCacher('b', 'alpha');\nassert.notStrictEqual(myObj, void 0, 'object is created if second argument used as key');\nassert.strictEqual(myObj, myObjAlias, 'object is cached if second argument used as key');\nassert.strictEqual(myObj.value, 'a', 'object is not modified if second argument used as key');",
      "err": {},
      "isRoot": false,
      "uuid": "b6e4fac2-a6d7-4db7-987c-23fbde57332d",
      "parentUUID": "d50bb115-620a-4757-81cf-1afdd7d05e3e",
      "isHook": false,
      "skipped": false
    },
    {
      "title": "should have correct prototype , there are two circumstances: especially when called via the new operator",
      "fullTitle": "7. _Bind 函数  should have correct prototype , there are two circumstances: especially when called via the new operator",
      "timedOut": false,
      "duration": 0,
      "state": "passed",
      "speed": "fast",
      "pass": true,
      "fail": false,
      "pending": false,
      "code": "var F = function F() {\n    return this;\n};\nvar boundf = _main2.default.bind(F, { hello: 'moe curly' });\nvar Boundf = boundf; // make eslint happy.\nvar newBoundf = new Boundf();\nassert.strictEqual(newBoundf.hello, void 0, 'function should not be bound to the context, to comply with ECMAScript 5');\nassert.strictEqual(boundf().hello, 'moe curly', \"When called without the new operator, it's OK to be bound to the context\");\nassert.ok(newBoundf instanceof F, 'a bound instance is an instance of the original function');",
      "err": {},
      "isRoot": false,
      "uuid": "5ce9522d-9d7b-4580-89a8-70ef046307f9",
      "parentUUID": "c1133db8-ab72-4ac9-8492-4e3c135a5cfe",
      "isHook": false,
      "skipped": false
    },
    {
      "title": "can bind a function to a context",
      "fullTitle": "7. _Bind 函数  can bind a function to a context",
      "timedOut": false,
      "duration": 0,
      "state": "passed",
      "speed": "fast",
      "pass": true,
      "fail": false,
      "pending": false,
      "code": "var context = { name: 'moe' };\nvar func = function func(arg) {\n    return 'name: ' + (this.name || arg);\n};\nvar bound = _main2.default.bind(func, context);\nassert.strictEqual(bound(), 'name: moe', 'can bind a function to a context');",
      "err": {},
      "isRoot": false,
      "uuid": "8c8b3030-d9d4-4c2a-a7a7-059dc8a0f14b",
      "parentUUID": "c1133db8-ab72-4ac9-8492-4e3c135a5cfe",
      "isHook": false,
      "skipped": false
    },
    {
      "title": "should meet the basic requirements of the bind",
      "fullTitle": "8. _BindAll 函数  should meet the basic requirements of the bind",
      "timedOut": false,
      "duration": 0,
      "state": "passed",
      "speed": "fast",
      "pass": true,
      "fail": false,
      "pending": false,
      "code": "var curly = { name: 'curly' };\nvar moe = {\n    name: 'moe',\n    getName: function getName() {\n        return 'name: ' + this.name;\n    },\n    sayHi: function sayHi() {\n        return 'hi: ' + this.name;\n    }\n};\ncurly.getName = moe.getName;\n_main2.default.bindAll(moe, 'getName', 'sayHi');\ncurly.sayHi = moe.sayHi;\nassert.strictEqual(curly.getName(), 'name: curly', 'unbound function is bound to current object');\nassert.strictEqual(curly.sayHi(), 'hi: moe', 'bound function is still bound to original object');",
      "err": {},
      "isRoot": false,
      "uuid": "077f0bf3-a39e-4a5a-9167-6f70eb408ac7",
      "parentUUID": "779402be-63a4-4ecb-b181-3df091f148e2",
      "isHook": false,
      "skipped": false
    },
    {
      "title": "should shuffle an obj or an array with equal possibilities ",
      "fullTitle": "1. _.shuffle 函数： should shuffle an obj or an array with equal possibilities ",
      "timedOut": false,
      "duration": 1,
      "state": "passed",
      "speed": "fast",
      "pass": true,
      "fail": false,
      "pending": false,
      "code": "assert.deepEqual(_Collection2.default.shuffle([1]), [1], 'behaves correctly on size 1 arrays');\n            var numbers = _Collection2.default.range(20);\n            var shuffled = _Collection2.default.shuffle(numbers);\n            assert.notDeepEqual(numbers, shuffled, 'does change the order'); // Chance of false negative: 1 in ~2.4*10^18\n            assert.notStrictEqual(numbers, shuffled, 'original object is unmodified');\n            // assert.deepEqual(numbers, shuffled, 'contains the same members before and after shuffle');\n            shuffled = _Collection2.default.shuffle({ a: 1, b: 2, c: 3, d: 4 });\n            assert.strictEqual(shuffled.length, 4);\n            assert.deepEqual(shuffled.sort(), [1, 2, 3, 4], 'works on objects');",
      "err": {},
      "isRoot": false,
      "uuid": "0ef059b2-4171-454a-923f-87bfd77e65ff",
      "parentUUID": "ea18e618-baf6-41f6-8da8-a6f7785264c9",
      "isHook": false,
      "skipped": false
    }
  ],
  "allFailures": [
    {
      "title": "can bind without specifying a context",
      "fullTitle": "7. _Bind 函数  can bind without specifying a context",
      "timedOut": false,
      "duration": 0,
      "state": "failed",
      "pass": false,
      "fail": true,
      "pending": false,
      "code": "var func = function func(arg) {\n    return 'name: ' + (this.name || arg);\n};\nvar bound = _main2.default.bind(func, null, 'curly');\nvar result = bound();\n// Work around a PhantomJS bug when applying a function with null|undefined.\nassert.ok(result === 'name: curly' || result === 'name: ' + window.name, 'can bind without specifying a context');",
      "err": {
        "estack": "TypeError: Cannot read property 'name' of null\n    at func (test/main.test.js:183:36)\n    at Context.<anonymous> (test/main.test.js:187:26)"
      },
      "isRoot": false,
      "uuid": "d1a0db5b-9837-4763-9da2-469c51c2d012",
      "parentUUID": "c1133db8-ab72-4ac9-8492-4e3c135a5cfe",
      "isHook": false,
      "skipped": false
    },
    {
      "title": "can be bound to any value",
      "fullTitle": "7. _Bind 函数  can be bound to any value",
      "timedOut": false,
      "duration": 1,
      "state": "failed",
      "pass": false,
      "fail": true,
      "pending": false,
      "code": "var func = function func(salutation, firstname, lastname) {\n    return salutation + ': ' + firstname + ' ' + lastname;\n};\nfunc = _main2.default.bind(func, this, 'hello', 'moe', 'curly');\nassert.strictEqual(func(), 'hello: moe curly', 'the function was partially applied in advance and can accept multiple arguments');\nfunc = function func() {\n    return this;\n};\nassert.strictEqual(_typeof(_main2.default.bind(func, 0)()), 'object', 'binding a primitive to `this` returns a wrapped primitive');\nassert.strictEqual(_main2.default.bind(func, 0)().valueOf(), 0, 'can bind a function to `0`');\nassert.strictEqual(_main2.default.bind(func, '')().valueOf(), '', 'can bind a function to an empty string');\nassert.strictEqual(_main2.default.bind(func, false)().valueOf(), false, 'can bind a function to `false`');",
      "err": {
        "name": "AssertionError",
        "message": "binding a primitive to `this` returns a wrapped primitive: expected 'number' to equal 'object'",
        "showDiff": true,
        "actual": "number",
        "expected": "object",
        "estack": "AssertionError: binding a primitive to `this` returns a wrapped primitive: expected 'number' to equal 'object'\n    at Function.assert.strictEqual (node_modules/chai/lib/chai/interface/assert.js:178:32)\n    at Context.<anonymous> (test/main.test.js:201:20)",
        "diff": "- number\n+ object\n",
        "stack": "AssertionError: binding a primitive to `this` returns a wrapped primitive: expected 'number' to equal 'object'\n    at Function.assert.strictEqual (node_modules/chai/lib/chai/interface/assert.js:178:32)\n    at Context.<anonymous> (test/main.test.js:201:20)"
      },
      "isRoot": false,
      "uuid": "95d65473-05bb-4902-afd5-4eb5dcf7e0a0",
      "parentUUID": "c1133db8-ab72-4ac9-8492-4e3c135a5cfe",
      "isHook": false,
      "skipped": false
    }
  ],
  "copyrightYear": 2017
}