{
  "stats": {
    "suites": 14,
    "tests": 28,
    "passes": 26,
    "pending": 0,
    "failures": 2,
    "start": "2017-06-01T06:41:20.433Z",
    "end": "2017-06-01T06:41:20.448Z",
    "duration": 15,
    "testsRegistered": 28,
    "passPercent": 92.9,
    "pendingPercent": 0,
    "other": 0,
    "hasOther": false,
    "skipped": 0,
    "hasSkipped": false,
    "passPercentClass": "success",
    "pendingPercentClass": "danger"
  },
  "suites": {
    "title": "",
    "suites": [
      {
        "title": "underscore/Function tests: ",
        "suites": [
          {
            "title": "1. _.componse 函数：",
            "suites": [],
            "tests": [
              {
                "title": "should return a function ",
                "fullTitle": "underscore/Function tests:  1. _.componse 函数： should return a function ",
                "timedOut": false,
                "duration": 1,
                "state": "passed",
                "speed": "fast",
                "pass": true,
                "fail": false,
                "pending": false,
                "code": "var componsedFun = _main2.default.compose(new Function(), new Function());\nassert.equal(true, (0, _util.isTypeof)('Function')(componsedFun));",
                "err": {},
                "isRoot": false,
                "uuid": "5b721d38-f755-4ce0-b9e2-1f5f1b42493f",
                "parentUUID": "e37eceed-8913-476f-8c69-759550be4034",
                "isHook": false,
                "skipped": false
              },
              {
                "title": "should passing returned value to next functions",
                "fullTitle": "underscore/Function tests:  1. _.componse 函数： should passing returned value to next functions",
                "timedOut": false,
                "duration": 0,
                "state": "passed",
                "speed": "fast",
                "pass": true,
                "fail": false,
                "pending": false,
                "code": "var greet = function greet(name) {\n                assert.equal(name, 'MOE!');\n            };",
                "err": {},
                "isRoot": false,
                "uuid": "7f7798f7-d875-4e42-a240-17b6a09bddda",
                "parentUUID": "e37eceed-8913-476f-8c69-759550be4034",
                "isHook": false,
                "skipped": false
              },
              {
                "title": "should chain functions and passing values to finally get the result",
                "fullTitle": "underscore/Function tests:  1. _.componse 函数： should chain functions and passing values to finally get the result",
                "timedOut": false,
                "duration": 0,
                "state": "passed",
                "speed": "fast",
                "pass": true,
                "fail": false,
                "pending": false,
                "code": "var greet = function greet(name) {\n                return 'hi ' + name;\n            };\n            var welcome = _main2.default.compose(greet, exclaim);\n            assert.equal('hi MOE!', welcome('moe'));",
                "err": {},
                "isRoot": false,
                "uuid": "9187d7cd-3212-44c9-a84e-d5401a67e635",
                "parentUUID": "e37eceed-8913-476f-8c69-759550be4034",
                "isHook": false,
                "skipped": false
              }
            ],
            "pending": [],
            "root": false,
            "_timeout": 2000,
            "file": "/test/index.test.js",
            "uuid": "e37eceed-8913-476f-8c69-759550be4034",
            "failedHooks": [],
            "fullFile": "/Users/luchen/Documents/study/test/underscore/test/index.test.js",
            "passes": [
              {
                "title": "should return a function ",
                "fullTitle": "underscore/Function tests:  1. _.componse 函数： should return a function ",
                "timedOut": false,
                "duration": 1,
                "state": "passed",
                "speed": "fast",
                "pass": true,
                "fail": false,
                "pending": false,
                "code": "var componsedFun = _main2.default.compose(new Function(), new Function());\nassert.equal(true, (0, _util.isTypeof)('Function')(componsedFun));",
                "err": {},
                "isRoot": false,
                "uuid": "5b721d38-f755-4ce0-b9e2-1f5f1b42493f",
                "parentUUID": "e37eceed-8913-476f-8c69-759550be4034",
                "isHook": false,
                "skipped": false
              },
              {
                "title": "should passing returned value to next functions",
                "fullTitle": "underscore/Function tests:  1. _.componse 函数： should passing returned value to next functions",
                "timedOut": false,
                "duration": 0,
                "state": "passed",
                "speed": "fast",
                "pass": true,
                "fail": false,
                "pending": false,
                "code": "var greet = function greet(name) {\n                assert.equal(name, 'MOE!');\n            };",
                "err": {},
                "isRoot": false,
                "uuid": "7f7798f7-d875-4e42-a240-17b6a09bddda",
                "parentUUID": "e37eceed-8913-476f-8c69-759550be4034",
                "isHook": false,
                "skipped": false
              },
              {
                "title": "should chain functions and passing values to finally get the result",
                "fullTitle": "underscore/Function tests:  1. _.componse 函数： should chain functions and passing values to finally get the result",
                "timedOut": false,
                "duration": 0,
                "state": "passed",
                "speed": "fast",
                "pass": true,
                "fail": false,
                "pending": false,
                "code": "var greet = function greet(name) {\n                return 'hi ' + name;\n            };\n            var welcome = _main2.default.compose(greet, exclaim);\n            assert.equal('hi MOE!', welcome('moe'));",
                "err": {},
                "isRoot": false,
                "uuid": "9187d7cd-3212-44c9-a84e-d5401a67e635",
                "parentUUID": "e37eceed-8913-476f-8c69-759550be4034",
                "isHook": false,
                "skipped": false
              }
            ],
            "failures": [],
            "skipped": [],
            "hasTests": true,
            "hasFailedHooks": false,
            "hasSuites": false,
            "totalTests": 3,
            "totalPasses": 3,
            "totalFailures": 0,
            "totalPending": 0,
            "totalSkipped": 0,
            "hasPasses": true,
            "hasFailures": false,
            "hasPending": false,
            "hasSkipped": false,
            "duration": 1,
            "rootEmpty": false
          },
          {
            "title": "2. _.after 函数：",
            "suites": [],
            "tests": [
              {
                "title": "should be excuted until all have excuted ",
                "fullTitle": "underscore/Function tests:  2. _.after 函数： should be excuted until all have excuted ",
                "timedOut": false,
                "duration": 1,
                "state": "passed",
                "speed": "fast",
                "pass": true,
                "fail": false,
                "pending": false,
                "code": "var _this = this;\nvar count = 0;\nvar render = function render() {\n    // console.log('---done!---')\n    assert.equal(count, notes.length);\n    done();\n};\nvar renderNotes = _main2.default.after(notes.length, render);\nnotes.forEach(function (note) {\n    var fn = function (note) {\n        count++;\n        // console.log('  note  ',note);\n        renderNotes();\n    }.bind(_this, note);\n    (0, _util.asyncFunction)(fn);\n});",
                "err": {},
                "isRoot": false,
                "uuid": "5db885f2-886d-4133-810e-c99b20c92c29",
                "parentUUID": "c8392d52-fb30-4720-a53f-94e1168ec9a2",
                "isHook": false,
                "skipped": false
              }
            ],
            "pending": [],
            "root": false,
            "_timeout": 2000,
            "file": "/test/index.test.js",
            "uuid": "c8392d52-fb30-4720-a53f-94e1168ec9a2",
            "failedHooks": [],
            "fullFile": "/Users/luchen/Documents/study/test/underscore/test/index.test.js",
            "passes": [
              {
                "title": "should be excuted until all have excuted ",
                "fullTitle": "underscore/Function tests:  2. _.after 函数： should be excuted until all have excuted ",
                "timedOut": false,
                "duration": 1,
                "state": "passed",
                "speed": "fast",
                "pass": true,
                "fail": false,
                "pending": false,
                "code": "var _this = this;\nvar count = 0;\nvar render = function render() {\n    // console.log('---done!---')\n    assert.equal(count, notes.length);\n    done();\n};\nvar renderNotes = _main2.default.after(notes.length, render);\nnotes.forEach(function (note) {\n    var fn = function (note) {\n        count++;\n        // console.log('  note  ',note);\n        renderNotes();\n    }.bind(_this, note);\n    (0, _util.asyncFunction)(fn);\n});",
                "err": {},
                "isRoot": false,
                "uuid": "5db885f2-886d-4133-810e-c99b20c92c29",
                "parentUUID": "c8392d52-fb30-4720-a53f-94e1168ec9a2",
                "isHook": false,
                "skipped": false
              }
            ],
            "failures": [],
            "skipped": [],
            "hasTests": true,
            "hasFailedHooks": false,
            "hasSuites": false,
            "totalTests": 1,
            "totalPasses": 1,
            "totalFailures": 0,
            "totalPending": 0,
            "totalSkipped": 0,
            "hasPasses": true,
            "hasFailures": false,
            "hasPending": false,
            "hasSkipped": false,
            "duration": 1,
            "rootEmpty": false
          },
          {
            "title": "3. _.before 函数：",
            "suites": [],
            "tests": [
              {
                "title": "should return the same result after count",
                "fullTitle": "underscore/Function tests:  3. _.before 函数： should return the same result after count",
                "timedOut": false,
                "duration": 0,
                "state": "passed",
                "speed": "fast",
                "pass": true,
                "fail": false,
                "pending": false,
                "code": "var initial = 1000,\n    step = 100;\nvar askForRaise = function (initial, step) {\n    var salary = initial;\n    return function () {\n        salary += step;\n        return salary;\n    };\n}(initial, step);\nvar raiseSalaryBy100 = _main2.default.before(count, askForRaise);\nvar randomExcutedCount = count + Math.floor(Math.random() * 100),\n    finalSalary = initial + step * count;\nvar result = Array.from(new Array(randomExcutedCount).keys()).every(function (index) {\n    var curSalary = raiseSalaryBy100();\n    if (index + 1 >= count) return finalSalary === curSalary;\n    return curSalary === initial + step * (index + 1);\n});\nassert.equal(result, true);",
                "err": {},
                "isRoot": false,
                "uuid": "bef8fada-3a90-4c06-8bcc-c1407df4218e",
                "parentUUID": "e2c93507-012d-4fad-b0a6-3bc7625b92b4",
                "isHook": false,
                "skipped": false
              }
            ],
            "pending": [],
            "root": false,
            "_timeout": 2000,
            "file": "/test/index.test.js",
            "uuid": "e2c93507-012d-4fad-b0a6-3bc7625b92b4",
            "failedHooks": [],
            "fullFile": "/Users/luchen/Documents/study/test/underscore/test/index.test.js",
            "passes": [
              {
                "title": "should return the same result after count",
                "fullTitle": "underscore/Function tests:  3. _.before 函数： should return the same result after count",
                "timedOut": false,
                "duration": 0,
                "state": "passed",
                "speed": "fast",
                "pass": true,
                "fail": false,
                "pending": false,
                "code": "var initial = 1000,\n    step = 100;\nvar askForRaise = function (initial, step) {\n    var salary = initial;\n    return function () {\n        salary += step;\n        return salary;\n    };\n}(initial, step);\nvar raiseSalaryBy100 = _main2.default.before(count, askForRaise);\nvar randomExcutedCount = count + Math.floor(Math.random() * 100),\n    finalSalary = initial + step * count;\nvar result = Array.from(new Array(randomExcutedCount).keys()).every(function (index) {\n    var curSalary = raiseSalaryBy100();\n    if (index + 1 >= count) return finalSalary === curSalary;\n    return curSalary === initial + step * (index + 1);\n});\nassert.equal(result, true);",
                "err": {},
                "isRoot": false,
                "uuid": "bef8fada-3a90-4c06-8bcc-c1407df4218e",
                "parentUUID": "e2c93507-012d-4fad-b0a6-3bc7625b92b4",
                "isHook": false,
                "skipped": false
              }
            ],
            "failures": [],
            "skipped": [],
            "hasTests": true,
            "hasFailedHooks": false,
            "hasSuites": false,
            "totalTests": 1,
            "totalPasses": 1,
            "totalFailures": 0,
            "totalPending": 0,
            "totalSkipped": 0,
            "hasPasses": true,
            "hasFailures": false,
            "hasPending": false,
            "hasSkipped": false,
            "duration": 0,
            "rootEmpty": false
          },
          {
            "title": "4. _.partial 函数：",
            "suites": [],
            "tests": [
              {
                "title": "should pre-fill partial args and get final value",
                "fullTitle": "underscore/Function tests:  4. _.partial 函数： should pre-fill partial args and get final value",
                "timedOut": false,
                "duration": 0,
                "state": "passed",
                "speed": "fast",
                "pass": true,
                "fail": false,
                "pending": false,
                "code": "var add = function add(a, b) {\n    return a + b;\n};\nvar add5 = _main2.default.partial(add, 5);\nassert.equal(15, add5(10));",
                "err": {},
                "isRoot": false,
                "uuid": "bc0afbe8-82e9-45f1-a2b9-4fa6f7aada79",
                "parentUUID": "89dc3b77-03f7-4061-bc7d-0c29accfa22a",
                "isHook": false,
                "skipped": false
              },
              {
                "title": "should remain un-filled when passing _ to the args",
                "fullTitle": "underscore/Function tests:  4. _.partial 函数： should remain un-filled when passing _ to the args",
                "timedOut": false,
                "duration": 0,
                "state": "passed",
                "speed": "fast",
                "pass": true,
                "fail": false,
                "pending": false,
                "code": "var selectMin = function selectMin() {\n    for (var _len = arguments.length, args = Array(_len), _key = 0; _key < _len; _key++) {\n        args[_key] = arguments[_key];\n    }\n    return Math.min.apply(null, args);\n};\nvar selectMinArgs = _main2.default.partial(selectMin, _main2.default, 4, 5);\nassert.equal(4, selectMinArgs(10));",
                "err": {},
                "isRoot": false,
                "uuid": "f27d76aa-17e8-4aee-a20d-d1192e690c25",
                "parentUUID": "89dc3b77-03f7-4061-bc7d-0c29accfa22a",
                "isHook": false,
                "skipped": false
              },
              {
                "title": "accepts more arguments than the number of placeholders",
                "fullTitle": "underscore/Function tests:  4. _.partial 函数： accepts more arguments than the number of placeholders",
                "timedOut": false,
                "duration": 0,
                "state": "passed",
                "speed": "fast",
                "pass": true,
                "fail": false,
                "pending": false,
                "code": "var func = _main2.default.partial(function () {\n    return arguments.length;\n}, _main2.default, 'b', _main2.default, 'd');\nassert.equal(5, func('a', 'c', 'e'));",
                "err": {},
                "isRoot": false,
                "uuid": "98480620-a5c1-4bee-b4df-fc6c4da68999",
                "parentUUID": "89dc3b77-03f7-4061-bc7d-0c29accfa22a",
                "isHook": false,
                "skipped": false
              },
              {
                "title": "cound remain arg length when some of the placeholders aren't fullfilled when calling",
                "fullTitle": "underscore/Function tests:  4. _.partial 函数： cound remain arg length when some of the placeholders aren't fullfilled when calling",
                "timedOut": false,
                "duration": 0,
                "state": "passed",
                "speed": "fast",
                "pass": true,
                "fail": false,
                "pending": false,
                "code": "var func = _main2.default.partial(function () {\n    return arguments.length;\n}, _main2.default, 'b', _main2.default, 'd');\nassert.equal(4, func('a'));",
                "err": {},
                "isRoot": false,
                "uuid": "4f5517b5-931a-40db-8096-aba4e84f54ed",
                "parentUUID": "89dc3b77-03f7-4061-bc7d-0c29accfa22a",
                "isHook": false,
                "skipped": false
              },
              {
                "title": "unfilled placeholders are undefined",
                "fullTitle": "underscore/Function tests:  4. _.partial 函数： unfilled placeholders are undefined",
                "timedOut": false,
                "duration": 0,
                "state": "passed",
                "speed": "fast",
                "pass": true,
                "fail": false,
                "pending": false,
                "code": "var func = _main2.default.partial(function () {\n    return arguments[2];\n}, _main2.default, 'b', _main2.default, 'd');\nassert.equal(undefined, func('a'));",
                "err": {},
                "isRoot": false,
                "uuid": "d703437e-8a2f-4bb9-a164-1c9336f9337b",
                "parentUUID": "89dc3b77-03f7-4061-bc7d-0c29accfa22a",
                "isHook": false,
                "skipped": false
              }
            ],
            "pending": [],
            "root": false,
            "_timeout": 2000,
            "file": "/test/index.test.js",
            "uuid": "89dc3b77-03f7-4061-bc7d-0c29accfa22a",
            "failedHooks": [],
            "fullFile": "/Users/luchen/Documents/study/test/underscore/test/index.test.js",
            "passes": [
              {
                "title": "should pre-fill partial args and get final value",
                "fullTitle": "underscore/Function tests:  4. _.partial 函数： should pre-fill partial args and get final value",
                "timedOut": false,
                "duration": 0,
                "state": "passed",
                "speed": "fast",
                "pass": true,
                "fail": false,
                "pending": false,
                "code": "var add = function add(a, b) {\n    return a + b;\n};\nvar add5 = _main2.default.partial(add, 5);\nassert.equal(15, add5(10));",
                "err": {},
                "isRoot": false,
                "uuid": "bc0afbe8-82e9-45f1-a2b9-4fa6f7aada79",
                "parentUUID": "89dc3b77-03f7-4061-bc7d-0c29accfa22a",
                "isHook": false,
                "skipped": false
              },
              {
                "title": "should remain un-filled when passing _ to the args",
                "fullTitle": "underscore/Function tests:  4. _.partial 函数： should remain un-filled when passing _ to the args",
                "timedOut": false,
                "duration": 0,
                "state": "passed",
                "speed": "fast",
                "pass": true,
                "fail": false,
                "pending": false,
                "code": "var selectMin = function selectMin() {\n    for (var _len = arguments.length, args = Array(_len), _key = 0; _key < _len; _key++) {\n        args[_key] = arguments[_key];\n    }\n    return Math.min.apply(null, args);\n};\nvar selectMinArgs = _main2.default.partial(selectMin, _main2.default, 4, 5);\nassert.equal(4, selectMinArgs(10));",
                "err": {},
                "isRoot": false,
                "uuid": "f27d76aa-17e8-4aee-a20d-d1192e690c25",
                "parentUUID": "89dc3b77-03f7-4061-bc7d-0c29accfa22a",
                "isHook": false,
                "skipped": false
              },
              {
                "title": "accepts more arguments than the number of placeholders",
                "fullTitle": "underscore/Function tests:  4. _.partial 函数： accepts more arguments than the number of placeholders",
                "timedOut": false,
                "duration": 0,
                "state": "passed",
                "speed": "fast",
                "pass": true,
                "fail": false,
                "pending": false,
                "code": "var func = _main2.default.partial(function () {\n    return arguments.length;\n}, _main2.default, 'b', _main2.default, 'd');\nassert.equal(5, func('a', 'c', 'e'));",
                "err": {},
                "isRoot": false,
                "uuid": "98480620-a5c1-4bee-b4df-fc6c4da68999",
                "parentUUID": "89dc3b77-03f7-4061-bc7d-0c29accfa22a",
                "isHook": false,
                "skipped": false
              },
              {
                "title": "cound remain arg length when some of the placeholders aren't fullfilled when calling",
                "fullTitle": "underscore/Function tests:  4. _.partial 函数： cound remain arg length when some of the placeholders aren't fullfilled when calling",
                "timedOut": false,
                "duration": 0,
                "state": "passed",
                "speed": "fast",
                "pass": true,
                "fail": false,
                "pending": false,
                "code": "var func = _main2.default.partial(function () {\n    return arguments.length;\n}, _main2.default, 'b', _main2.default, 'd');\nassert.equal(4, func('a'));",
                "err": {},
                "isRoot": false,
                "uuid": "4f5517b5-931a-40db-8096-aba4e84f54ed",
                "parentUUID": "89dc3b77-03f7-4061-bc7d-0c29accfa22a",
                "isHook": false,
                "skipped": false
              },
              {
                "title": "unfilled placeholders are undefined",
                "fullTitle": "underscore/Function tests:  4. _.partial 函数： unfilled placeholders are undefined",
                "timedOut": false,
                "duration": 0,
                "state": "passed",
                "speed": "fast",
                "pass": true,
                "fail": false,
                "pending": false,
                "code": "var func = _main2.default.partial(function () {\n    return arguments[2];\n}, _main2.default, 'b', _main2.default, 'd');\nassert.equal(undefined, func('a'));",
                "err": {},
                "isRoot": false,
                "uuid": "d703437e-8a2f-4bb9-a164-1c9336f9337b",
                "parentUUID": "89dc3b77-03f7-4061-bc7d-0c29accfa22a",
                "isHook": false,
                "skipped": false
              }
            ],
            "failures": [],
            "skipped": [],
            "hasTests": true,
            "hasFailedHooks": false,
            "hasSuites": false,
            "totalTests": 5,
            "totalPasses": 5,
            "totalFailures": 0,
            "totalPending": 0,
            "totalSkipped": 0,
            "hasPasses": true,
            "hasFailures": false,
            "hasPending": false,
            "hasSkipped": false,
            "duration": 0,
            "rootEmpty": false
          },
          {
            "title": "5. _wrap函数 ",
            "suites": [],
            "tests": [
              {
                "title": "should wrap the given salutation function",
                "fullTitle": "underscore/Function tests:  5. _wrap函数  should wrap the given salutation function",
                "timedOut": false,
                "duration": 0,
                "state": "passed",
                "speed": "fast",
                "pass": true,
                "fail": false,
                "pending": false,
                "code": "var hello = function hello(name) {\n    return 'hello: ' + name;\n};\nhello = _main2.default.wrap(hello, function (func) {\n    return \"before, \" + func(\"moe\") + \", after\";\n});\nassert.equal(hello(), 'before, hello: moe, after');",
                "err": {},
                "isRoot": false,
                "uuid": "a77a410d-29a7-4d14-97f4-a9f7c20ae240",
                "parentUUID": "9e75e1b5-b987-4da1-8269-9d47144c39aa",
                "isHook": false,
                "skipped": false
              },
              {
                "title": "should hold fn as the first parameter of the wrapper",
                "fullTitle": "underscore/Function tests:  5. _wrap函数  should hold fn as the first parameter of the wrapper",
                "timedOut": false,
                "duration": 0,
                "state": "passed",
                "speed": "fast",
                "pass": true,
                "fail": false,
                "pending": false,
                "code": "var hello = function hello(name) {\n    return 'hello: ' + name;\n};\nvar wrappedHello = _main2.default.wrap(hello, function (func) {\n    assert.equal(hello, func);\n    return \"before, \" + func(\"moe\") + \", after\";;\n});\nwrappedHello();",
                "err": {},
                "isRoot": false,
                "uuid": "225c10af-d526-493e-9798-a486e4b163f9",
                "parentUUID": "9e75e1b5-b987-4da1-8269-9d47144c39aa",
                "isHook": false,
                "skipped": false
              }
            ],
            "pending": [],
            "root": false,
            "_timeout": 2000,
            "file": "/test/index.test.js",
            "uuid": "9e75e1b5-b987-4da1-8269-9d47144c39aa",
            "failedHooks": [],
            "fullFile": "/Users/luchen/Documents/study/test/underscore/test/index.test.js",
            "passes": [
              {
                "title": "should wrap the given salutation function",
                "fullTitle": "underscore/Function tests:  5. _wrap函数  should wrap the given salutation function",
                "timedOut": false,
                "duration": 0,
                "state": "passed",
                "speed": "fast",
                "pass": true,
                "fail": false,
                "pending": false,
                "code": "var hello = function hello(name) {\n    return 'hello: ' + name;\n};\nhello = _main2.default.wrap(hello, function (func) {\n    return \"before, \" + func(\"moe\") + \", after\";\n});\nassert.equal(hello(), 'before, hello: moe, after');",
                "err": {},
                "isRoot": false,
                "uuid": "a77a410d-29a7-4d14-97f4-a9f7c20ae240",
                "parentUUID": "9e75e1b5-b987-4da1-8269-9d47144c39aa",
                "isHook": false,
                "skipped": false
              },
              {
                "title": "should hold fn as the first parameter of the wrapper",
                "fullTitle": "underscore/Function tests:  5. _wrap函数  should hold fn as the first parameter of the wrapper",
                "timedOut": false,
                "duration": 0,
                "state": "passed",
                "speed": "fast",
                "pass": true,
                "fail": false,
                "pending": false,
                "code": "var hello = function hello(name) {\n    return 'hello: ' + name;\n};\nvar wrappedHello = _main2.default.wrap(hello, function (func) {\n    assert.equal(hello, func);\n    return \"before, \" + func(\"moe\") + \", after\";;\n});\nwrappedHello();",
                "err": {},
                "isRoot": false,
                "uuid": "225c10af-d526-493e-9798-a486e4b163f9",
                "parentUUID": "9e75e1b5-b987-4da1-8269-9d47144c39aa",
                "isHook": false,
                "skipped": false
              }
            ],
            "failures": [],
            "skipped": [],
            "hasTests": true,
            "hasFailedHooks": false,
            "hasSuites": false,
            "totalTests": 2,
            "totalPasses": 2,
            "totalFailures": 0,
            "totalPending": 0,
            "totalSkipped": 0,
            "hasPasses": true,
            "hasFailures": false,
            "hasPending": false,
            "hasSkipped": false,
            "duration": 0,
            "rootEmpty": false
          },
          {
            "title": "6. _memoize函数 ",
            "suites": [],
            "tests": [
              {
                "title": "should memoize the value of a fibonacci result and equal to it",
                "fullTitle": "underscore/Function tests:  6. _memoize函数  should memoize the value of a fibonacci result and equal to it",
                "timedOut": false,
                "duration": 0,
                "state": "passed",
                "speed": "fast",
                "pass": true,
                "fail": false,
                "pending": false,
                "code": "var memoFib = _main2.default.memoize(fib);\nassert.equal(fib(10), 55);\nassert.equal(memoFib(10), 55);",
                "err": {},
                "isRoot": false,
                "uuid": "4eda390b-3332-4b5a-a227-a8791dd12ace",
                "parentUUID": "1420086c-2aa2-4923-b136-0dd538f20795",
                "isHook": false,
                "skipped": false
              },
              {
                "title": "should memoize all the result of the function",
                "fullTitle": "underscore/Function tests:  6. _memoize函数  should memoize all the result of the function",
                "timedOut": false,
                "duration": 0,
                "state": "passed",
                "speed": "fast",
                "pass": true,
                "fail": false,
                "pending": false,
                "code": "var upper = _main2.default.memoize(function (s) {\n    return s.toUpperCase();\n});\nassert.strictEqual(upper('foo'), 'FOO');\nassert.strictEqual(upper('bar'), 'BAR');\nassert.deepEqual(upper.cache, { 'foo': 'FOO', 'bar': 'BAR' }, 'cache return all the cached value');\nassert.property(upper, 'cache');",
                "err": {},
                "isRoot": false,
                "uuid": "a88fa610-57fc-4d92-ace3-82ea0a2c9b51",
                "parentUUID": "1420086c-2aa2-4923-b136-0dd538f20795",
                "isHook": false,
                "skipped": false
              },
              {
                "title": "should store the hashed key as the cache key",
                "fullTitle": "underscore/Function tests:  6. _memoize函数  should store the hashed key as the cache key",
                "timedOut": false,
                "duration": 0,
                "state": "passed",
                "speed": "fast",
                "pass": true,
                "fail": false,
                "pending": false,
                "code": "var objCacher = _main2.default.memoize(function (value, key) {\n    return { key: key, value: value };\n}, function (value, key) {\n    return key;\n});\nvar myObj = objCacher('a', 'alpha');\nvar myObjAlias = objCacher('b', 'alpha');\nassert.notStrictEqual(myObj, void 0, 'object is created if second argument used as key');\nassert.strictEqual(myObj, myObjAlias, 'object is cached if second argument used as key');\nassert.strictEqual(myObj.value, 'a', 'object is not modified if second argument used as key');",
                "err": {},
                "isRoot": false,
                "uuid": "b0faaa31-7c00-4418-a594-9320b12d9558",
                "parentUUID": "1420086c-2aa2-4923-b136-0dd538f20795",
                "isHook": false,
                "skipped": false
              }
            ],
            "pending": [],
            "root": false,
            "_timeout": 2000,
            "file": "/test/index.test.js",
            "uuid": "1420086c-2aa2-4923-b136-0dd538f20795",
            "failedHooks": [],
            "fullFile": "/Users/luchen/Documents/study/test/underscore/test/index.test.js",
            "passes": [
              {
                "title": "should memoize the value of a fibonacci result and equal to it",
                "fullTitle": "underscore/Function tests:  6. _memoize函数  should memoize the value of a fibonacci result and equal to it",
                "timedOut": false,
                "duration": 0,
                "state": "passed",
                "speed": "fast",
                "pass": true,
                "fail": false,
                "pending": false,
                "code": "var memoFib = _main2.default.memoize(fib);\nassert.equal(fib(10), 55);\nassert.equal(memoFib(10), 55);",
                "err": {},
                "isRoot": false,
                "uuid": "4eda390b-3332-4b5a-a227-a8791dd12ace",
                "parentUUID": "1420086c-2aa2-4923-b136-0dd538f20795",
                "isHook": false,
                "skipped": false
              },
              {
                "title": "should memoize all the result of the function",
                "fullTitle": "underscore/Function tests:  6. _memoize函数  should memoize all the result of the function",
                "timedOut": false,
                "duration": 0,
                "state": "passed",
                "speed": "fast",
                "pass": true,
                "fail": false,
                "pending": false,
                "code": "var upper = _main2.default.memoize(function (s) {\n    return s.toUpperCase();\n});\nassert.strictEqual(upper('foo'), 'FOO');\nassert.strictEqual(upper('bar'), 'BAR');\nassert.deepEqual(upper.cache, { 'foo': 'FOO', 'bar': 'BAR' }, 'cache return all the cached value');\nassert.property(upper, 'cache');",
                "err": {},
                "isRoot": false,
                "uuid": "a88fa610-57fc-4d92-ace3-82ea0a2c9b51",
                "parentUUID": "1420086c-2aa2-4923-b136-0dd538f20795",
                "isHook": false,
                "skipped": false
              },
              {
                "title": "should store the hashed key as the cache key",
                "fullTitle": "underscore/Function tests:  6. _memoize函数  should store the hashed key as the cache key",
                "timedOut": false,
                "duration": 0,
                "state": "passed",
                "speed": "fast",
                "pass": true,
                "fail": false,
                "pending": false,
                "code": "var objCacher = _main2.default.memoize(function (value, key) {\n    return { key: key, value: value };\n}, function (value, key) {\n    return key;\n});\nvar myObj = objCacher('a', 'alpha');\nvar myObjAlias = objCacher('b', 'alpha');\nassert.notStrictEqual(myObj, void 0, 'object is created if second argument used as key');\nassert.strictEqual(myObj, myObjAlias, 'object is cached if second argument used as key');\nassert.strictEqual(myObj.value, 'a', 'object is not modified if second argument used as key');",
                "err": {},
                "isRoot": false,
                "uuid": "b0faaa31-7c00-4418-a594-9320b12d9558",
                "parentUUID": "1420086c-2aa2-4923-b136-0dd538f20795",
                "isHook": false,
                "skipped": false
              }
            ],
            "failures": [],
            "skipped": [],
            "hasTests": true,
            "hasFailedHooks": false,
            "hasSuites": false,
            "totalTests": 3,
            "totalPasses": 3,
            "totalFailures": 0,
            "totalPending": 0,
            "totalSkipped": 0,
            "hasPasses": true,
            "hasFailures": false,
            "hasPending": false,
            "hasSkipped": false,
            "duration": 0,
            "rootEmpty": false
          },
          {
            "title": "7. _Bind 函数 ",
            "suites": [],
            "tests": [
              {
                "title": "should have correct prototype , there are two circumstances: especially when called via the new operator",
                "fullTitle": "underscore/Function tests:  7. _Bind 函数  should have correct prototype , there are two circumstances: especially when called via the new operator",
                "timedOut": false,
                "duration": 1,
                "state": "passed",
                "speed": "fast",
                "pass": true,
                "fail": false,
                "pending": false,
                "code": "var F = function F() {\n    return this;\n};\nvar boundf = _main2.default.bind(F, { hello: 'moe curly' });\nvar Boundf = boundf; // make eslint happy.\nvar newBoundf = new Boundf();\nassert.strictEqual(newBoundf.hello, void 0, 'function should not be bound to the context, to comply with ECMAScript 5');\nassert.strictEqual(boundf().hello, 'moe curly', \"When called without the new operator, it's OK to be bound to the context\");\nassert.ok(newBoundf instanceof F, 'a bound instance is an instance of the original function');",
                "err": {},
                "isRoot": false,
                "uuid": "442e6755-c5ff-4101-b220-0e26f863cf53",
                "parentUUID": "b54d67dc-ec79-403d-9568-0d40e24ee8f7",
                "isHook": false,
                "skipped": false
              },
              {
                "title": "can bind a function to a context",
                "fullTitle": "underscore/Function tests:  7. _Bind 函数  can bind a function to a context",
                "timedOut": false,
                "duration": 0,
                "state": "passed",
                "speed": "fast",
                "pass": true,
                "fail": false,
                "pending": false,
                "code": "var context = { name: 'moe' };\nvar func = function func(arg) {\n    return 'name: ' + (this.name || arg);\n};\nvar bound = _main2.default.bind(func, context);\nassert.strictEqual(bound(), 'name: moe', 'can bind a function to a context');",
                "err": {},
                "isRoot": false,
                "uuid": "184455b2-7194-4bef-9394-c3dc295132a1",
                "parentUUID": "b54d67dc-ec79-403d-9568-0d40e24ee8f7",
                "isHook": false,
                "skipped": false
              },
              {
                "title": "can bind without specifying a context",
                "fullTitle": "underscore/Function tests:  7. _Bind 函数  can bind without specifying a context",
                "timedOut": false,
                "duration": 0,
                "state": "failed",
                "pass": false,
                "fail": true,
                "pending": false,
                "code": "var func = function func(arg) {\n    return 'name: ' + (this.name || arg);\n};\nvar bound = _main2.default.bind(func, null, 'curly');\nvar result = bound();\n// Work around a PhantomJS bug when applying a function with null|undefined.\nassert.ok(result === 'name: curly' || result === 'name: ' + window.name, 'can bind without specifying a context');",
                "err": {
                  "estack": "TypeError: Cannot read property 'name' of null\n    at func (test/main.test.js:183:36)\n    at Context.<anonymous> (test/main.test.js:187:26)"
                },
                "isRoot": false,
                "uuid": "adebefde-7ee9-4205-a043-708fef046604",
                "parentUUID": "b54d67dc-ec79-403d-9568-0d40e24ee8f7",
                "isHook": false,
                "skipped": false
              },
              {
                "title": "can be bound to any value",
                "fullTitle": "underscore/Function tests:  7. _Bind 函数  can be bound to any value",
                "timedOut": false,
                "duration": 1,
                "state": "failed",
                "pass": false,
                "fail": true,
                "pending": false,
                "code": "var func = function func(salutation, firstname, lastname) {\n    return salutation + ': ' + firstname + ' ' + lastname;\n};\nfunc = _main2.default.bind(func, this, 'hello', 'moe', 'curly');\nassert.strictEqual(func(), 'hello: moe curly', 'the function was partially applied in advance and can accept multiple arguments');\nvar func1 = function func1() {\n    console.log(this);return this;\n};\nassert.strictEqual(_typeof(func1.bind(0)()), 'object-', 'the function was partially applied in advance and can accept multiple arguments');\nassert.strictEqual(_typeof(_main2.default.bind(func1, 0)()), 'object', 'binding a primitive to `this` returns a wrapped primitive');\nassert.strictEqual(_main2.default.bind(func1, 0)().valueOf(), 0, 'can bind a function to `0`');\nassert.strictEqual(_main2.default.bind(func1, 'string')().valueOf(), 'string', 'can bind a function to an empty string');\nassert.strictEqual(_main2.default.bind(func1, false)().valueOf(), false, 'can bind a function to `false`');",
                "err": {
                  "name": "AssertionError",
                  "message": "the function was partially applied in advance and can accept multiple arguments: expected 'number' to equal 'object-'",
                  "showDiff": true,
                  "actual": "number",
                  "expected": "object-",
                  "estack": "AssertionError: the function was partially applied in advance and can accept multiple arguments: expected 'number' to equal 'object-'\n    at Function.assert.strictEqual (node_modules/chai/lib/chai/interface/assert.js:178:32)\n    at Context.<anonymous> (test/main.test.js:201:20)",
                  "diff": "- number\n+ object-\n",
                  "stack": "AssertionError: the function was partially applied in advance and can accept multiple arguments: expected 'number' to equal 'object-'\n    at Function.assert.strictEqual (node_modules/chai/lib/chai/interface/assert.js:178:32)\n    at Context.<anonymous> (test/main.test.js:201:20)"
                },
                "isRoot": false,
                "uuid": "98ecd67a-2e30-4d8e-b61f-cbff7f4d4b5d",
                "parentUUID": "b54d67dc-ec79-403d-9568-0d40e24ee8f7",
                "isHook": false,
                "skipped": false
              }
            ],
            "pending": [],
            "root": false,
            "_timeout": 2000,
            "file": "/test/index.test.js",
            "uuid": "b54d67dc-ec79-403d-9568-0d40e24ee8f7",
            "failedHooks": [],
            "fullFile": "/Users/luchen/Documents/study/test/underscore/test/index.test.js",
            "passes": [
              {
                "title": "should have correct prototype , there are two circumstances: especially when called via the new operator",
                "fullTitle": "underscore/Function tests:  7. _Bind 函数  should have correct prototype , there are two circumstances: especially when called via the new operator",
                "timedOut": false,
                "duration": 1,
                "state": "passed",
                "speed": "fast",
                "pass": true,
                "fail": false,
                "pending": false,
                "code": "var F = function F() {\n    return this;\n};\nvar boundf = _main2.default.bind(F, { hello: 'moe curly' });\nvar Boundf = boundf; // make eslint happy.\nvar newBoundf = new Boundf();\nassert.strictEqual(newBoundf.hello, void 0, 'function should not be bound to the context, to comply with ECMAScript 5');\nassert.strictEqual(boundf().hello, 'moe curly', \"When called without the new operator, it's OK to be bound to the context\");\nassert.ok(newBoundf instanceof F, 'a bound instance is an instance of the original function');",
                "err": {},
                "isRoot": false,
                "uuid": "442e6755-c5ff-4101-b220-0e26f863cf53",
                "parentUUID": "b54d67dc-ec79-403d-9568-0d40e24ee8f7",
                "isHook": false,
                "skipped": false
              },
              {
                "title": "can bind a function to a context",
                "fullTitle": "underscore/Function tests:  7. _Bind 函数  can bind a function to a context",
                "timedOut": false,
                "duration": 0,
                "state": "passed",
                "speed": "fast",
                "pass": true,
                "fail": false,
                "pending": false,
                "code": "var context = { name: 'moe' };\nvar func = function func(arg) {\n    return 'name: ' + (this.name || arg);\n};\nvar bound = _main2.default.bind(func, context);\nassert.strictEqual(bound(), 'name: moe', 'can bind a function to a context');",
                "err": {},
                "isRoot": false,
                "uuid": "184455b2-7194-4bef-9394-c3dc295132a1",
                "parentUUID": "b54d67dc-ec79-403d-9568-0d40e24ee8f7",
                "isHook": false,
                "skipped": false
              }
            ],
            "failures": [
              {
                "title": "can bind without specifying a context",
                "fullTitle": "underscore/Function tests:  7. _Bind 函数  can bind without specifying a context",
                "timedOut": false,
                "duration": 0,
                "state": "failed",
                "pass": false,
                "fail": true,
                "pending": false,
                "code": "var func = function func(arg) {\n    return 'name: ' + (this.name || arg);\n};\nvar bound = _main2.default.bind(func, null, 'curly');\nvar result = bound();\n// Work around a PhantomJS bug when applying a function with null|undefined.\nassert.ok(result === 'name: curly' || result === 'name: ' + window.name, 'can bind without specifying a context');",
                "err": {
                  "estack": "TypeError: Cannot read property 'name' of null\n    at func (test/main.test.js:183:36)\n    at Context.<anonymous> (test/main.test.js:187:26)"
                },
                "isRoot": false,
                "uuid": "adebefde-7ee9-4205-a043-708fef046604",
                "parentUUID": "b54d67dc-ec79-403d-9568-0d40e24ee8f7",
                "isHook": false,
                "skipped": false
              },
              {
                "title": "can be bound to any value",
                "fullTitle": "underscore/Function tests:  7. _Bind 函数  can be bound to any value",
                "timedOut": false,
                "duration": 1,
                "state": "failed",
                "pass": false,
                "fail": true,
                "pending": false,
                "code": "var func = function func(salutation, firstname, lastname) {\n    return salutation + ': ' + firstname + ' ' + lastname;\n};\nfunc = _main2.default.bind(func, this, 'hello', 'moe', 'curly');\nassert.strictEqual(func(), 'hello: moe curly', 'the function was partially applied in advance and can accept multiple arguments');\nvar func1 = function func1() {\n    console.log(this);return this;\n};\nassert.strictEqual(_typeof(func1.bind(0)()), 'object-', 'the function was partially applied in advance and can accept multiple arguments');\nassert.strictEqual(_typeof(_main2.default.bind(func1, 0)()), 'object', 'binding a primitive to `this` returns a wrapped primitive');\nassert.strictEqual(_main2.default.bind(func1, 0)().valueOf(), 0, 'can bind a function to `0`');\nassert.strictEqual(_main2.default.bind(func1, 'string')().valueOf(), 'string', 'can bind a function to an empty string');\nassert.strictEqual(_main2.default.bind(func1, false)().valueOf(), false, 'can bind a function to `false`');",
                "err": {
                  "name": "AssertionError",
                  "message": "the function was partially applied in advance and can accept multiple arguments: expected 'number' to equal 'object-'",
                  "showDiff": true,
                  "actual": "number",
                  "expected": "object-",
                  "estack": "AssertionError: the function was partially applied in advance and can accept multiple arguments: expected 'number' to equal 'object-'\n    at Function.assert.strictEqual (node_modules/chai/lib/chai/interface/assert.js:178:32)\n    at Context.<anonymous> (test/main.test.js:201:20)",
                  "diff": "- number\n+ object-\n",
                  "stack": "AssertionError: the function was partially applied in advance and can accept multiple arguments: expected 'number' to equal 'object-'\n    at Function.assert.strictEqual (node_modules/chai/lib/chai/interface/assert.js:178:32)\n    at Context.<anonymous> (test/main.test.js:201:20)"
                },
                "isRoot": false,
                "uuid": "98ecd67a-2e30-4d8e-b61f-cbff7f4d4b5d",
                "parentUUID": "b54d67dc-ec79-403d-9568-0d40e24ee8f7",
                "isHook": false,
                "skipped": false
              }
            ],
            "skipped": [],
            "hasTests": true,
            "hasFailedHooks": false,
            "hasSuites": false,
            "totalTests": 4,
            "totalPasses": 2,
            "totalFailures": 2,
            "totalPending": 0,
            "totalSkipped": 0,
            "hasPasses": true,
            "hasFailures": true,
            "hasPending": false,
            "hasSkipped": false,
            "duration": 2,
            "rootEmpty": false
          },
          {
            "title": "8. _BindAll 函数 ",
            "suites": [],
            "tests": [
              {
                "title": "should meet the basic requirements of the bind",
                "fullTitle": "underscore/Function tests:  8. _BindAll 函数  should meet the basic requirements of the bind",
                "timedOut": false,
                "duration": 1,
                "state": "passed",
                "speed": "fast",
                "pass": true,
                "fail": false,
                "pending": false,
                "code": "var curly = { name: 'curly' };\nvar moe = {\n    name: 'moe',\n    getName: function getName() {\n        return 'name: ' + this.name;\n    },\n    sayHi: function sayHi() {\n        return 'hi: ' + this.name;\n    }\n};\ncurly.getName = moe.getName;\n_main2.default.bindAll(moe, 'getName', 'sayHi');\ncurly.sayHi = moe.sayHi;\nassert.strictEqual(curly.getName(), 'name: curly', 'unbound function is bound to current object');\nassert.strictEqual(curly.sayHi(), 'hi: moe', 'bound function is still bound to original object');",
                "err": {},
                "isRoot": false,
                "uuid": "b10302e4-6662-4338-b234-548a537e5202",
                "parentUUID": "42b07da4-d26c-4ba2-8fca-44b422217851",
                "isHook": false,
                "skipped": false
              }
            ],
            "pending": [],
            "root": false,
            "_timeout": 2000,
            "file": "/test/index.test.js",
            "uuid": "42b07da4-d26c-4ba2-8fca-44b422217851",
            "failedHooks": [],
            "fullFile": "/Users/luchen/Documents/study/test/underscore/test/index.test.js",
            "passes": [
              {
                "title": "should meet the basic requirements of the bind",
                "fullTitle": "underscore/Function tests:  8. _BindAll 函数  should meet the basic requirements of the bind",
                "timedOut": false,
                "duration": 1,
                "state": "passed",
                "speed": "fast",
                "pass": true,
                "fail": false,
                "pending": false,
                "code": "var curly = { name: 'curly' };\nvar moe = {\n    name: 'moe',\n    getName: function getName() {\n        return 'name: ' + this.name;\n    },\n    sayHi: function sayHi() {\n        return 'hi: ' + this.name;\n    }\n};\ncurly.getName = moe.getName;\n_main2.default.bindAll(moe, 'getName', 'sayHi');\ncurly.sayHi = moe.sayHi;\nassert.strictEqual(curly.getName(), 'name: curly', 'unbound function is bound to current object');\nassert.strictEqual(curly.sayHi(), 'hi: moe', 'bound function is still bound to original object');",
                "err": {},
                "isRoot": false,
                "uuid": "b10302e4-6662-4338-b234-548a537e5202",
                "parentUUID": "42b07da4-d26c-4ba2-8fca-44b422217851",
                "isHook": false,
                "skipped": false
              }
            ],
            "failures": [],
            "skipped": [],
            "hasTests": true,
            "hasFailedHooks": false,
            "hasSuites": false,
            "totalTests": 1,
            "totalPasses": 1,
            "totalFailures": 0,
            "totalPending": 0,
            "totalSkipped": 0,
            "hasPasses": true,
            "hasFailures": false,
            "hasPending": false,
            "hasSkipped": false,
            "duration": 1,
            "rootEmpty": false
          }
        ],
        "tests": [],
        "pending": [],
        "root": false,
        "_timeout": 2000,
        "file": "/test/index.test.js",
        "uuid": "8320b52b-3222-4bd6-813d-b1bbe351fd40",
        "failedHooks": [],
        "fullFile": "/Users/luchen/Documents/study/test/underscore/test/index.test.js",
        "passes": [],
        "failures": [],
        "skipped": [],
        "hasTests": false,
        "hasFailedHooks": false,
        "hasSuites": true,
        "totalTests": 0,
        "totalPasses": 0,
        "totalFailures": 0,
        "totalPending": 0,
        "totalSkipped": 0,
        "hasPasses": false,
        "hasFailures": false,
        "hasPending": false,
        "hasSkipped": false,
        "duration": 0,
        "rootEmpty": false
      },
      {
        "title": "underscore/Collection tests: ",
        "suites": [
          {
            "title": "1. _.shuffle 函数：",
            "suites": [],
            "tests": [
              {
                "title": "should shuffle an obj or an array with equal possibilities ",
                "fullTitle": "underscore/Collection tests:  1. _.shuffle 函数： should shuffle an obj or an array with equal possibilities ",
                "timedOut": false,
                "duration": 0,
                "state": "passed",
                "speed": "fast",
                "pass": true,
                "fail": false,
                "pending": false,
                "code": "assert.deepEqual(_Collection2.default.shuffle([1]), [1], 'behaves correctly on size 1 arrays');\n            var numbers = _Collection2.default.range(20);\n            var shuffled = _Collection2.default.shuffle(numbers);\n            assert.notDeepEqual(numbers, shuffled, 'does change the order'); // Chance of false negative: 1 in ~2.4*10^18\n            assert.notStrictEqual(numbers, shuffled, 'original object is unmodified');\n            // assert.deepEqual(numbers, shuffled, 'contains the same members before and after shuffle');\n            shuffled = _Collection2.default.shuffle({ a: 1, b: 2, c: 3, d: 4 });\n            assert.strictEqual(shuffled.length, 4);\n            assert.deepEqual(shuffled.sort(), [1, 2, 3, 4], 'works on objects');",
                "err": {},
                "isRoot": false,
                "uuid": "aa43a5c6-668f-447f-ad85-ead94340afb9",
                "parentUUID": "88160fa4-07af-4084-8c8a-5dbcaf422aff",
                "isHook": false,
                "skipped": false
              }
            ],
            "pending": [],
            "root": false,
            "_timeout": 2000,
            "file": "/test/index.test.js",
            "uuid": "88160fa4-07af-4084-8c8a-5dbcaf422aff",
            "failedHooks": [],
            "fullFile": "/Users/luchen/Documents/study/test/underscore/test/index.test.js",
            "passes": [
              {
                "title": "should shuffle an obj or an array with equal possibilities ",
                "fullTitle": "underscore/Collection tests:  1. _.shuffle 函数： should shuffle an obj or an array with equal possibilities ",
                "timedOut": false,
                "duration": 0,
                "state": "passed",
                "speed": "fast",
                "pass": true,
                "fail": false,
                "pending": false,
                "code": "assert.deepEqual(_Collection2.default.shuffle([1]), [1], 'behaves correctly on size 1 arrays');\n            var numbers = _Collection2.default.range(20);\n            var shuffled = _Collection2.default.shuffle(numbers);\n            assert.notDeepEqual(numbers, shuffled, 'does change the order'); // Chance of false negative: 1 in ~2.4*10^18\n            assert.notStrictEqual(numbers, shuffled, 'original object is unmodified');\n            // assert.deepEqual(numbers, shuffled, 'contains the same members before and after shuffle');\n            shuffled = _Collection2.default.shuffle({ a: 1, b: 2, c: 3, d: 4 });\n            assert.strictEqual(shuffled.length, 4);\n            assert.deepEqual(shuffled.sort(), [1, 2, 3, 4], 'works on objects');",
                "err": {},
                "isRoot": false,
                "uuid": "aa43a5c6-668f-447f-ad85-ead94340afb9",
                "parentUUID": "88160fa4-07af-4084-8c8a-5dbcaf422aff",
                "isHook": false,
                "skipped": false
              }
            ],
            "failures": [],
            "skipped": [],
            "hasTests": true,
            "hasFailedHooks": false,
            "hasSuites": false,
            "totalTests": 1,
            "totalPasses": 1,
            "totalFailures": 0,
            "totalPending": 0,
            "totalSkipped": 0,
            "hasPasses": true,
            "hasFailures": false,
            "hasPending": false,
            "hasSkipped": false,
            "duration": 0,
            "rootEmpty": false
          },
          {
            "title": "2. _.each 函数：",
            "suites": [
              {
                "title": "cound only iterate the owned key-value of the list, ignore those in the prototype",
                "suites": [],
                "tests": [
                  {
                    "title": "cound only iterate the owned key-value of the list, ignore those in the prototype",
                    "fullTitle": "2. _.each 函数： cound only iterate the owned key-value of the list, ignore those in the prototype cound only iterate the owned key-value of the list, ignore those in the prototype",
                    "timedOut": false,
                    "duration": 0,
                    "state": "passed",
                    "speed": "fast",
                    "pass": true,
                    "fail": false,
                    "pending": false,
                    "code": "_Collection2.default.each(obj, function (value, key) {\n    answers.push(key);\n});\nassert.deepEqual(answers, ['one', 'two', 'three'], 'iterating over objects works, and ignores the object prototype.');",
                    "err": {},
                    "isRoot": false,
                    "uuid": "b7b3702c-c15e-4bd4-ad5d-358eecaa5b5b",
                    "parentUUID": "2ad39c39-5df8-421b-b4fe-1d968c4e008c",
                    "isHook": false,
                    "skipped": false
                  }
                ],
                "pending": [],
                "root": false,
                "_timeout": 2000,
                "file": "/test/index.test.js",
                "uuid": "2ad39c39-5df8-421b-b4fe-1d968c4e008c",
                "failedHooks": [],
                "fullFile": "/Users/luchen/Documents/study/test/underscore/test/index.test.js",
                "passes": [
                  {
                    "title": "cound only iterate the owned key-value of the list, ignore those in the prototype",
                    "fullTitle": "2. _.each 函数： cound only iterate the owned key-value of the list, ignore those in the prototype cound only iterate the owned key-value of the list, ignore those in the prototype",
                    "timedOut": false,
                    "duration": 0,
                    "state": "passed",
                    "speed": "fast",
                    "pass": true,
                    "fail": false,
                    "pending": false,
                    "code": "_Collection2.default.each(obj, function (value, key) {\n    answers.push(key);\n});\nassert.deepEqual(answers, ['one', 'two', 'three'], 'iterating over objects works, and ignores the object prototype.');",
                    "err": {},
                    "isRoot": false,
                    "uuid": "b7b3702c-c15e-4bd4-ad5d-358eecaa5b5b",
                    "parentUUID": "2ad39c39-5df8-421b-b4fe-1d968c4e008c",
                    "isHook": false,
                    "skipped": false
                  }
                ],
                "failures": [],
                "skipped": [],
                "hasTests": true,
                "hasFailedHooks": false,
                "hasSuites": false,
                "totalTests": 1,
                "totalPasses": 1,
                "totalFailures": 0,
                "totalPending": 0,
                "totalSkipped": 0,
                "hasPasses": true,
                "hasFailures": false,
                "hasPending": false,
                "hasSkipped": false,
                "duration": 0,
                "rootEmpty": false
              }
            ],
            "tests": [
              {
                "title": "each iterators provide value and iteration count",
                "fullTitle": "underscore/Collection tests:  2. _.each 函数： each iterators provide value and iteration count",
                "timedOut": false,
                "duration": 1,
                "state": "passed",
                "speed": "fast",
                "pass": true,
                "fail": false,
                "pending": false,
                "code": "_Collection2.default.each([1, 2, 3], function (num, i) {\n                assert.strictEqual(num, i + 1, 'each iterators provide value and iteration count');\n            });\n            // const answers = [];\n            // _.each([1, 2, 3], function(num) { answers.push(num); });\n            // assert.deepEqual(answers, [1, 2, 3], 'can iterate a simple array');\n            // let count = 0;\n            // const obj = { 1: 'foo', 2: 'bar', 3: 'baz' };\n            // _.each(obj, function() { count++; console.log(count)});\n            // assert.strictEqual(3, count, 'the fun should be called only 3 times');",
                "err": {},
                "isRoot": false,
                "uuid": "a41c8a8b-258c-4fc5-913f-95c42b19de7b",
                "parentUUID": "acc7ec0c-5228-41a1-98fe-f31315f9119e",
                "isHook": false,
                "skipped": false
              },
              {
                "title": "cound access the original list",
                "fullTitle": "underscore/Collection tests:  2. _.each 函数： cound access the original list",
                "timedOut": false,
                "duration": 0,
                "state": "passed",
                "speed": "fast",
                "pass": true,
                "fail": false,
                "pending": false,
                "code": "var answer = null;\n_Collection2.default.each([1, 2, 3], function (num, index, arr) {\n    if (arr.includes(num)) answer = true;\n});\nassert.ok(answer, 'can reference the original collection from inside the iterator');",
                "err": {},
                "isRoot": false,
                "uuid": "416a6335-2647-4a54-96ac-cb0c89277a7a",
                "parentUUID": "acc7ec0c-5228-41a1-98fe-f31315f9119e",
                "isHook": false,
                "skipped": false
              },
              {
                "title": "cound access the context obj",
                "fullTitle": "underscore/Collection tests:  2. _.each 函数： cound access the context obj",
                "timedOut": false,
                "duration": 0,
                "state": "passed",
                "speed": "fast",
                "pass": true,
                "fail": false,
                "pending": false,
                "code": "var answers = [];\n            _Collection2.default.each([1, 2, 3], function (num) {\n                answers.push(num * this.multiplier);\n            }, { multiplier: 5 });\n            assert.deepEqual(answers, [5, 10, 15], 'context object property accessed');\n            // ensure the each function is JITed\n            // _(1000).times(function() { _.each([], function() {}); });",
                "err": {},
                "isRoot": false,
                "uuid": "ec963320-9925-4c55-9695-ef5b75d705b1",
                "parentUUID": "acc7ec0c-5228-41a1-98fe-f31315f9119e",
                "isHook": false,
                "skipped": false
              },
              {
                "title": "cound handle other types of list,such as false,null",
                "fullTitle": "underscore/Collection tests:  2. _.each 函数： cound handle other types of list,such as false,null",
                "timedOut": false,
                "duration": 0,
                "state": "passed",
                "speed": "fast",
                "pass": true,
                "fail": false,
                "pending": false,
                "code": "var answers = 0;\n            _Collection2.default.each(null, function () {\n                ++answers;\n            });\n            assert.strictEqual(answers, 0, 'handles a null properly');\n            _Collection2.default.each(false, function () {});\n            var a = [1, 2, 3];\n            assert.strictEqual(_Collection2.default.each(a, function () {}), a);\n            assert.strictEqual(_Collection2.default.each(null, function () {}), null);\n            a = 'test';\n            _Collection2.default.each(a, function (v, i) {\n                assert.strictEqual(v, a[i]);\n            });",
                "err": {},
                "isRoot": false,
                "uuid": "6dff7907-fc08-433f-8adc-95e925c50475",
                "parentUUID": "acc7ec0c-5228-41a1-98fe-f31315f9119e",
                "isHook": false,
                "skipped": false
              }
            ],
            "pending": [],
            "root": false,
            "_timeout": 2000,
            "file": "/test/index.test.js",
            "uuid": "acc7ec0c-5228-41a1-98fe-f31315f9119e",
            "failedHooks": [],
            "fullFile": "/Users/luchen/Documents/study/test/underscore/test/index.test.js",
            "passes": [
              {
                "title": "each iterators provide value and iteration count",
                "fullTitle": "underscore/Collection tests:  2. _.each 函数： each iterators provide value and iteration count",
                "timedOut": false,
                "duration": 1,
                "state": "passed",
                "speed": "fast",
                "pass": true,
                "fail": false,
                "pending": false,
                "code": "_Collection2.default.each([1, 2, 3], function (num, i) {\n                assert.strictEqual(num, i + 1, 'each iterators provide value and iteration count');\n            });\n            // const answers = [];\n            // _.each([1, 2, 3], function(num) { answers.push(num); });\n            // assert.deepEqual(answers, [1, 2, 3], 'can iterate a simple array');\n            // let count = 0;\n            // const obj = { 1: 'foo', 2: 'bar', 3: 'baz' };\n            // _.each(obj, function() { count++; console.log(count)});\n            // assert.strictEqual(3, count, 'the fun should be called only 3 times');",
                "err": {},
                "isRoot": false,
                "uuid": "a41c8a8b-258c-4fc5-913f-95c42b19de7b",
                "parentUUID": "acc7ec0c-5228-41a1-98fe-f31315f9119e",
                "isHook": false,
                "skipped": false
              },
              {
                "title": "cound access the original list",
                "fullTitle": "underscore/Collection tests:  2. _.each 函数： cound access the original list",
                "timedOut": false,
                "duration": 0,
                "state": "passed",
                "speed": "fast",
                "pass": true,
                "fail": false,
                "pending": false,
                "code": "var answer = null;\n_Collection2.default.each([1, 2, 3], function (num, index, arr) {\n    if (arr.includes(num)) answer = true;\n});\nassert.ok(answer, 'can reference the original collection from inside the iterator');",
                "err": {},
                "isRoot": false,
                "uuid": "416a6335-2647-4a54-96ac-cb0c89277a7a",
                "parentUUID": "acc7ec0c-5228-41a1-98fe-f31315f9119e",
                "isHook": false,
                "skipped": false
              },
              {
                "title": "cound access the context obj",
                "fullTitle": "underscore/Collection tests:  2. _.each 函数： cound access the context obj",
                "timedOut": false,
                "duration": 0,
                "state": "passed",
                "speed": "fast",
                "pass": true,
                "fail": false,
                "pending": false,
                "code": "var answers = [];\n            _Collection2.default.each([1, 2, 3], function (num) {\n                answers.push(num * this.multiplier);\n            }, { multiplier: 5 });\n            assert.deepEqual(answers, [5, 10, 15], 'context object property accessed');\n            // ensure the each function is JITed\n            // _(1000).times(function() { _.each([], function() {}); });",
                "err": {},
                "isRoot": false,
                "uuid": "ec963320-9925-4c55-9695-ef5b75d705b1",
                "parentUUID": "acc7ec0c-5228-41a1-98fe-f31315f9119e",
                "isHook": false,
                "skipped": false
              },
              {
                "title": "cound handle other types of list,such as false,null",
                "fullTitle": "underscore/Collection tests:  2. _.each 函数： cound handle other types of list,such as false,null",
                "timedOut": false,
                "duration": 0,
                "state": "passed",
                "speed": "fast",
                "pass": true,
                "fail": false,
                "pending": false,
                "code": "var answers = 0;\n            _Collection2.default.each(null, function () {\n                ++answers;\n            });\n            assert.strictEqual(answers, 0, 'handles a null properly');\n            _Collection2.default.each(false, function () {});\n            var a = [1, 2, 3];\n            assert.strictEqual(_Collection2.default.each(a, function () {}), a);\n            assert.strictEqual(_Collection2.default.each(null, function () {}), null);\n            a = 'test';\n            _Collection2.default.each(a, function (v, i) {\n                assert.strictEqual(v, a[i]);\n            });",
                "err": {},
                "isRoot": false,
                "uuid": "6dff7907-fc08-433f-8adc-95e925c50475",
                "parentUUID": "acc7ec0c-5228-41a1-98fe-f31315f9119e",
                "isHook": false,
                "skipped": false
              }
            ],
            "failures": [],
            "skipped": [],
            "hasTests": true,
            "hasFailedHooks": false,
            "hasSuites": true,
            "totalTests": 4,
            "totalPasses": 4,
            "totalFailures": 0,
            "totalPending": 0,
            "totalSkipped": 0,
            "hasPasses": true,
            "hasFailures": false,
            "hasPending": false,
            "hasSkipped": false,
            "duration": 1,
            "rootEmpty": false
          },
          {
            "title": "3. _.reduce 函数：",
            "suites": [],
            "tests": [
              {
                "title": "could reduce on array or object",
                "fullTitle": "underscore/Collection tests:  3. _.reduce 函数： could reduce on array or object",
                "timedOut": false,
                "duration": 0,
                "state": "passed",
                "speed": "fast",
                "pass": true,
                "fail": false,
                "pending": false,
                "code": "var flattened = [[0, 1], [2, 3], [4, 5]].reduce(function (a, b) {\n    return a.concat(b);\n}, []);\nassert.deepEqual(flattened, [0, 1, 2, 3, 4, 5]);\nvar friends = [{ name: \"Anna\", books: [\"Bible\", \"Harry Potter\"], age: 21 }, { name: \"Bob\", books: [\"War and peace\", \"Romeo and Juliet\"], age: 26 }, { name: \"Alice\", books: [\"The Lord of the Rings\", \"The Shining\"], age: 18 }];\nvar allbooks = friends.reduce(function (prev, curr) {\n    return [].concat(_toConsumableArray(prev), _toConsumableArray(curr.books));\n}, [\"Alphabet\"]);\nassert.deepEqual(allbooks, [\"Alphabet\", \"Bible\", \"Harry Potter\", \"War and peace\", \"Romeo and Juliet\", \"The Lord of the Rings\", \"The Shining\"]);",
                "err": {},
                "isRoot": false,
                "uuid": "8497eed5-02bb-4c7a-b7df-d0e052549c84",
                "parentUUID": "37f992ab-fea8-498e-adbd-c93dd955b8ec",
                "isHook": false,
                "skipped": false
              },
              {
                "title": "cound access the original list",
                "fullTitle": "underscore/Collection tests:  3. _.reduce 函数： cound access the original list",
                "timedOut": false,
                "duration": 0,
                "state": "passed",
                "speed": "fast",
                "pass": true,
                "fail": false,
                "pending": false,
                "code": "",
                "err": {},
                "isRoot": false,
                "uuid": "f6ab013d-6b78-4d63-a858-1d3715b2e3fb",
                "parentUUID": "37f992ab-fea8-498e-adbd-c93dd955b8ec",
                "isHook": false,
                "skipped": false
              }
            ],
            "pending": [],
            "root": false,
            "_timeout": 2000,
            "file": "/test/index.test.js",
            "uuid": "37f992ab-fea8-498e-adbd-c93dd955b8ec",
            "failedHooks": [],
            "fullFile": "/Users/luchen/Documents/study/test/underscore/test/index.test.js",
            "passes": [
              {
                "title": "could reduce on array or object",
                "fullTitle": "underscore/Collection tests:  3. _.reduce 函数： could reduce on array or object",
                "timedOut": false,
                "duration": 0,
                "state": "passed",
                "speed": "fast",
                "pass": true,
                "fail": false,
                "pending": false,
                "code": "var flattened = [[0, 1], [2, 3], [4, 5]].reduce(function (a, b) {\n    return a.concat(b);\n}, []);\nassert.deepEqual(flattened, [0, 1, 2, 3, 4, 5]);\nvar friends = [{ name: \"Anna\", books: [\"Bible\", \"Harry Potter\"], age: 21 }, { name: \"Bob\", books: [\"War and peace\", \"Romeo and Juliet\"], age: 26 }, { name: \"Alice\", books: [\"The Lord of the Rings\", \"The Shining\"], age: 18 }];\nvar allbooks = friends.reduce(function (prev, curr) {\n    return [].concat(_toConsumableArray(prev), _toConsumableArray(curr.books));\n}, [\"Alphabet\"]);\nassert.deepEqual(allbooks, [\"Alphabet\", \"Bible\", \"Harry Potter\", \"War and peace\", \"Romeo and Juliet\", \"The Lord of the Rings\", \"The Shining\"]);",
                "err": {},
                "isRoot": false,
                "uuid": "8497eed5-02bb-4c7a-b7df-d0e052549c84",
                "parentUUID": "37f992ab-fea8-498e-adbd-c93dd955b8ec",
                "isHook": false,
                "skipped": false
              },
              {
                "title": "cound access the original list",
                "fullTitle": "underscore/Collection tests:  3. _.reduce 函数： cound access the original list",
                "timedOut": false,
                "duration": 0,
                "state": "passed",
                "speed": "fast",
                "pass": true,
                "fail": false,
                "pending": false,
                "code": "",
                "err": {},
                "isRoot": false,
                "uuid": "f6ab013d-6b78-4d63-a858-1d3715b2e3fb",
                "parentUUID": "37f992ab-fea8-498e-adbd-c93dd955b8ec",
                "isHook": false,
                "skipped": false
              }
            ],
            "failures": [],
            "skipped": [],
            "hasTests": true,
            "hasFailedHooks": false,
            "hasSuites": false,
            "totalTests": 2,
            "totalPasses": 2,
            "totalFailures": 0,
            "totalPending": 0,
            "totalSkipped": 0,
            "hasPasses": true,
            "hasFailures": false,
            "hasPending": false,
            "hasSkipped": false,
            "duration": 0,
            "rootEmpty": false
          }
        ],
        "tests": [],
        "pending": [],
        "root": false,
        "_timeout": 2000,
        "file": "/test/index.test.js",
        "uuid": "a30e3416-6189-4068-afd7-c996fd4af6ff",
        "failedHooks": [],
        "fullFile": "/Users/luchen/Documents/study/test/underscore/test/index.test.js",
        "passes": [],
        "failures": [],
        "skipped": [],
        "hasTests": false,
        "hasFailedHooks": false,
        "hasSuites": true,
        "totalTests": 0,
        "totalPasses": 0,
        "totalFailures": 0,
        "totalPending": 0,
        "totalSkipped": 0,
        "hasPasses": false,
        "hasFailures": false,
        "hasPending": false,
        "hasSkipped": false,
        "duration": 0,
        "rootEmpty": false
      }
    ],
    "tests": [],
    "pending": [],
    "root": true,
    "_timeout": 2000,
    "uuid": "c1d9f102-0210-401e-b52e-01b21c13faa0",
    "failedHooks": [],
    "fullFile": "",
    "file": "",
    "passes": [],
    "failures": [],
    "skipped": [],
    "hasTests": false,
    "hasFailedHooks": false,
    "hasSuites": true,
    "totalTests": 0,
    "totalPasses": 0,
    "totalFailures": 0,
    "totalPending": 0,
    "totalSkipped": 0,
    "hasPasses": false,
    "hasFailures": false,
    "hasPending": false,
    "hasSkipped": false,
    "duration": 0,
    "rootEmpty": true
  },
  "allTests": [
    {
      "title": "should return a function ",
      "fullTitle": "1. _.componse 函数： should return a function ",
      "timedOut": false,
      "duration": 1,
      "state": "passed",
      "speed": "fast",
      "pass": true,
      "fail": false,
      "pending": false,
      "code": "var componsedFun = _main2.default.compose(new Function(), new Function());\nassert.equal(true, (0, _util.isTypeof)('Function')(componsedFun));",
      "err": {},
      "isRoot": false,
      "uuid": "5b721d38-f755-4ce0-b9e2-1f5f1b42493f",
      "parentUUID": "e37eceed-8913-476f-8c69-759550be4034",
      "isHook": false,
      "skipped": false
    },
    {
      "title": "should passing returned value to next functions",
[...]
      "parentUUID": "89dc3b77-03f7-4061-bc7d-0c29accfa22a",
      "isHook": false,
      "skipped": false
    },
    {
      "title": "cound remain arg length when some of the placeholders aren't fullfilled when calling",
      "fullTitle": "4. _.partial 函数： cound remain arg length when some of the placeholders aren't fullfilled when calling",
      "timedOut": false,
      "duration": 0,
      "state": "passed",
      "speed": "fast",
      "pass": true,
      "fail": false,
      "pending": false,
      "code": "var func = _main2.default.partial(function () {\n    return arguments.length;\n}, _main2.default, 'b', _main2.default, 'd');\nassert.equal(4, func('a'));",
      "err": {},
      "isRoot": false,
      "uuid": "4f5517b5-931a-40db-8096-aba4e84f54ed",
      "parentUUID": "89dc3b77-03f7-4061-bc7d-0c29accfa22a",
      "isHook": false,
      "skipped": false
    },
    {
      "title": "unfilled placeholders are undefined",
      "fullTitle": "4. _.partial 函数： unfilled placeholders are undefined",
      "timedOut": false,
      "duration": 0,
      "state": "passed",
      "speed": "fast",
      "pass": true,
      "fail": false,
      "pending": false,
      "code": "var func = _main2.default.partial(function () {\n    return arguments[2];\n}, _main2.default, 'b', _main2.default, 'd');\nassert.equal(undefined, func('a'));",
      "err": {},
      "isRoot": false,
      "uuid": "d703437e-8a2f-4bb9-a164-1c9336f9337b",
      "parentUUID": "89dc3b77-03f7-4061-bc7d-0c29accfa22a",
      "isHook": false,
      "skipped": false
    },
    {
      "title": "should wrap the given salutation function",
      "fullTitle": "5. _wrap函数  should wrap the given salutation function",
      "timedOut": false,
      "duration": 0,
      "state": "passed",
      "speed": "fast",
      "pass": true,
      "fail": false,
      "pending": false,
      "code": "var hello = function hello(name) {\n    return 'hello: ' + name;\n};\nhello = _main2.default.wrap(hello, function (func) {\n    return \"before, \" + func(\"moe\") + \", after\";\n});\nassert.equal(hello(), 'before, hello: moe, after');",
      "err": {},
      "isRoot": false,
      "uuid": "a77a410d-29a7-4d14-97f4-a9f7c20ae240",
      "parentUUID": "9e75e1b5-b987-4da1-8269-9d47144c39aa",
      "isHook": false,
      "skipped": false
    },
    {
      "title": "should hold fn as the first parameter of the wrapper",
      "fullTitle": "5. _wrap函数  should hold fn as the first parameter of the wrapper",
      "timedOut": false,
      "duration": 0,
      "state": "passed",
      "speed": "fast",
      "pass": true,
      "fail": false,
      "pending": false,
      "code": "var hello = function hello(name) {\n    return 'hello: ' + name;\n};\nvar wrappedHello = _main2.default.wrap(hello, function (func) {\n    assert.equal(hello, func);\n    return \"before, \" + func(\"moe\") + \", after\";;\n});\nwrappedHello();",
      "err": {},
      "isRoot": false,
      "uuid": "225c10af-d526-493e-9798-a486e4b163f9",
      "parentUUID": "9e75e1b5-b987-4da1-8269-9d47144c39aa",
      "isHook": false,
      "skipped": false
    },
    {
      "title": "should memoize the value of a fibonacci result and equal to it",
      "fullTitle": "6. _memoize函数  should memoize the value of a fibonacci result and equal to it",
      "timedOut": false,
      "duration": 0,
      "state": "passed",
      "speed": "fast",
      "pass": true,
      "fail": false,
      "pending": false,
      "code": "var memoFib = _main2.default.memoize(fib);\nassert.equal(fib(10), 55);\nassert.equal(memoFib(10), 55);",
      "err": {},
      "isRoot": false,
      "uuid": "4eda390b-3332-4b5a-a227-a8791dd12ace",
      "parentUUID": "1420086c-2aa2-4923-b136-0dd538f20795",
      "isHook": false,
      "skipped": false
    },
    {
      "title": "should memoize all the result of the function",
      "fullTitle": "6. _memoize函数  should memoize all the result of the function",
      "timedOut": false,
      "duration": 0,
      "state": "passed",
      "speed": "fast",
      "pass": true,
      "fail": false,
      "pending": false,
      "code": "var upper = _main2.default.memoize(function (s) {\n    return s.toUpperCase();\n});\nassert.strictEqual(upper('foo'), 'FOO');\nassert.strictEqual(upper('bar'), 'BAR');\nassert.deepEqual(upper.cache, { 'foo': 'FOO', 'bar': 'BAR' }, 'cache return all the cached value');\nassert.property(upper, 'cache');",
      "err": {},
      "isRoot": false,
      "uuid": "a88fa610-57fc-4d92-ace3-82ea0a2c9b51",
      "parentUUID": "1420086c-2aa2-4923-b136-0dd538f20795",
      "isHook": false,
      "skipped": false
    },
    {
      "title": "should store the hashed key as the cache key",
      "fullTitle": "6. _memoize函数  should store the hashed key as the cache key",
      "timedOut": false,
      "duration": 0,
      "state": "passed",
      "speed": "fast",
      "pass": true,
      "fail": false,
      "pending": false,
      "code": "var objCacher = _main2.default.memoize(function (value, key) {\n    return { key: key, value: value };\n}, function (value, key) {\n    return key;\n});\nvar myObj = objCacher('a', 'alpha');\nvar myObjAlias = objCacher('b', 'alpha');\nassert.notStrictEqual(myObj, void 0, 'object is created if second argument used as key');\nassert.strictEqual(myObj, myObjAlias, 'object is cached if second argument used as key');\nassert.strictEqual(myObj.value, 'a', 'object is not modified if second argument used as key');",
      "err": {},
      "isRoot": false,
      "uuid": "b0faaa31-7c00-4418-a594-9320b12d9558",
      "parentUUID": "1420086c-2aa2-4923-b136-0dd538f20795",
      "isHook": false,
      "skipped": false
    },
    {
      "title": "should have correct prototype , there are two circumstances: especially when called via the new operator",
      "fullTitle": "7. _Bind 函数  should have correct prototype , there are two circumstances: especially when called via the new operator",
      "timedOut": false,
      "duration": 1,
      "state": "passed",
      "speed": "fast",
      "pass": true,
      "fail": false,
      "pending": false,
      "code": "var F = function F() {\n    return this;\n};\nvar boundf = _main2.default.bind(F, { hello: 'moe curly' });\nvar Boundf = boundf; // make eslint happy.\nvar newBoundf = new Boundf();\nassert.strictEqual(newBoundf.hello, void 0, 'function should not be bound to the context, to comply with ECMAScript 5');\nassert.strictEqual(boundf().hello, 'moe curly', \"When called without the new operator, it's OK to be bound to the context\");\nassert.ok(newBoundf instanceof F, 'a bound instance is an instance of the original function');",
      "err": {},
      "isRoot": false,
      "uuid": "442e6755-c5ff-4101-b220-0e26f863cf53",
      "parentUUID": "b54d67dc-ec79-403d-9568-0d40e24ee8f7",
      "isHook": false,
      "skipped": false
    },
    {
      "title": "can bind a function to a context",
      "fullTitle": "7. _Bind 函数  can bind a function to a context",
      "timedOut": false,
      "duration": 0,
      "state": "passed",
      "speed": "fast",
      "pass": true,
      "fail": false,
      "pending": false,
      "code": "var context = { name: 'moe' };\nvar func = function func(arg) {\n    return 'name: ' + (this.name || arg);\n};\nvar bound = _main2.default.bind(func, context);\nassert.strictEqual(bound(), 'name: moe', 'can bind a function to a context');",
      "err": {},
      "isRoot": false,
      "uuid": "184455b2-7194-4bef-9394-c3dc295132a1",
      "parentUUID": "b54d67dc-ec79-403d-9568-0d40e24ee8f7",
      "isHook": false,
      "skipped": false
    },
    {
      "title": "should meet the basic requirements of the bind",
      "fullTitle": "8. _BindAll 函数  should meet the basic requirements of the bind",
      "timedOut": false,
      "duration": 1,
      "state": "passed",
      "speed": "fast",
      "pass": true,
      "fail": false,
      "pending": false,
      "code": "var curly = { name: 'curly' };\nvar moe = {\n    name: 'moe',\n    getName: function getName() {\n        return 'name: ' + this.name;\n    },\n    sayHi: function sayHi() {\n        return 'hi: ' + this.name;\n    }\n};\ncurly.getName = moe.getName;\n_main2.default.bindAll(moe, 'getName', 'sayHi');\ncurly.sayHi = moe.sayHi;\nassert.strictEqual(curly.getName(), 'name: curly', 'unbound function is bound to current object');\nassert.strictEqual(curly.sayHi(), 'hi: moe', 'bound function is still bound to original object');",
      "err": {},
      "isRoot": false,
      "uuid": "b10302e4-6662-4338-b234-548a537e5202",
      "parentUUID": "42b07da4-d26c-4ba2-8fca-44b422217851",
      "isHook": false,
      "skipped": false
    },
    {
      "title": "should shuffle an obj or an array with equal possibilities ",
      "fullTitle": "1. _.shuffle 函数： should shuffle an obj or an array with equal possibilities ",
      "timedOut": false,
      "duration": 0,
      "state": "passed",
      "speed": "fast",
      "pass": true,
      "fail": false,
      "pending": false,
      "code": "assert.deepEqual(_Collection2.default.shuffle([1]), [1], 'behaves correctly on size 1 arrays');\n            var numbers = _Collection2.default.range(20);\n            var shuffled = _Collection2.default.shuffle(numbers);\n            assert.notDeepEqual(numbers, shuffled, 'does change the order'); // Chance of false negative: 1 in ~2.4*10^18\n            assert.notStrictEqual(numbers, shuffled, 'original object is unmodified');\n            // assert.deepEqual(numbers, shuffled, 'contains the same members before and after shuffle');\n            shuffled = _Collection2.default.shuffle({ a: 1, b: 2, c: 3, d: 4 });\n            assert.strictEqual(shuffled.length, 4);\n            assert.deepEqual(shuffled.sort(), [1, 2, 3, 4], 'works on objects');",
      "err": {},
      "isRoot": false,
      "uuid": "aa43a5c6-668f-447f-ad85-ead94340afb9",
      "parentUUID": "88160fa4-07af-4084-8c8a-5dbcaf422aff",
      "isHook": false,
      "skipped": false
    },
    {
      "title": "each iterators provide value and iteration count",
      "fullTitle": "2. _.each 函数： each iterators provide value and iteration count",
      "timedOut": false,
      "duration": 1,
      "state": "passed",
      "speed": "fast",
      "pass": true,
      "fail": false,
      "pending": false,
      "code": "_Collection2.default.each([1, 2, 3], function (num, i) {\n                assert.strictEqual(num, i + 1, 'each iterators provide value and iteration count');\n            });\n            // const answers = [];\n            // _.each([1, 2, 3], function(num) { answers.push(num); });\n            // assert.deepEqual(answers, [1, 2, 3], 'can iterate a simple array');\n            // let count = 0;\n            // const obj = { 1: 'foo', 2: 'bar', 3: 'baz' };\n            // _.each(obj, function() { count++; console.log(count)});\n            // assert.strictEqual(3, count, 'the fun should be called only 3 times');",
      "err": {},
      "isRoot": false,
      "uuid": "a41c8a8b-258c-4fc5-913f-95c42b19de7b",
      "parentUUID": "acc7ec0c-5228-41a1-98fe-f31315f9119e",
      "isHook": false,
      "skipped": false
    },
    {
      "title": "cound access the original list",
      "fullTitle": "2. _.each 函数： cound access the original list",
      "timedOut": false,
      "duration": 0,
      "state": "passed",
      "speed": "fast",
      "pass": true,
      "fail": false,
      "pending": false,
      "code": "var answer = null;\n_Collection2.default.each([1, 2, 3], function (num, index, arr) {\n    if (arr.includes(num)) answer = true;\n});\nassert.ok(answer, 'can reference the original collection from inside the iterator');",
      "err": {},
      "isRoot": false,
      "uuid": "416a6335-2647-4a54-96ac-cb0c89277a7a",
      "parentUUID": "acc7ec0c-5228-41a1-98fe-f31315f9119e",
      "isHook": false,
      "skipped": false
    },
    {
      "title": "cound access the context obj",
      "fullTitle": "2. _.each 函数： cound access the context obj",
      "timedOut": false,
      "duration": 0,
      "state": "passed",
      "speed": "fast",
      "pass": true,
      "fail": false,
      "pending": false,
      "code": "var answers = [];\n            _Collection2.default.each([1, 2, 3], function (num) {\n                answers.push(num * this.multiplier);\n            }, { multiplier: 5 });\n            assert.deepEqual(answers, [5, 10, 15], 'context object property accessed');\n            // ensure the each function is JITed\n            // _(1000).times(function() { _.each([], function() {}); });",
      "err": {},
      "isRoot": false,
      "uuid": "ec963320-9925-4c55-9695-ef5b75d705b1",
      "parentUUID": "acc7ec0c-5228-41a1-98fe-f31315f9119e",
      "isHook": false,
      "skipped": false
    },
    {
      "title": "cound handle other types of list,such as false,null",
      "fullTitle": "2. _.each 函数： cound handle other types of list,such as false,null",
      "timedOut": false,
      "duration": 0,
      "state": "passed",
      "speed": "fast",
      "pass": true,
      "fail": false,
      "pending": false,
      "code": "var answers = 0;\n            _Collection2.default.each(null, function () {\n                ++answers;\n            });\n            assert.strictEqual(answers, 0, 'handles a null properly');\n            _Collection2.default.each(false, function () {});\n            var a = [1, 2, 3];\n            assert.strictEqual(_Collection2.default.each(a, function () {}), a);\n            assert.strictEqual(_Collection2.default.each(null, function () {}), null);\n            a = 'test';\n            _Collection2.default.each(a, function (v, i) {\n                assert.strictEqual(v, a[i]);\n            });",
      "err": {},
      "isRoot": false,
      "uuid": "6dff7907-fc08-433f-8adc-95e925c50475",
      "parentUUID": "acc7ec0c-5228-41a1-98fe-f31315f9119e",
      "isHook": false,
      "skipped": false
    },
    {
      "title": "cound only iterate the owned key-value of the list, ignore those in the prototype",
      "fullTitle": "cound only iterate the owned key-value of the list, ignore those in the prototype cound only iterate the owned key-value of the list, ignore those in the prototype",
      "timedOut": false,
      "duration": 0,
      "state": "passed",
      "speed": "fast",
      "pass": true,
      "fail": false,
      "pending": false,
      "code": "_Collection2.default.each(obj, function (value, key) {\n    answers.push(key);\n});\nassert.deepEqual(answers, ['one', 'two', 'three'], 'iterating over objects works, and ignores the object prototype.');",
      "err": {},
      "isRoot": false,
      "uuid": "b7b3702c-c15e-4bd4-ad5d-358eecaa5b5b",
      "parentUUID": "2ad39c39-5df8-421b-b4fe-1d968c4e008c",
      "isHook": false,
      "skipped": false
    },
    {
      "title": "could reduce on array or object",
      "fullTitle": "3. _.reduce 函数： could reduce on array or object",
      "timedOut": false,
      "duration": 0,
      "state": "passed",
      "speed": "fast",
      "pass": true,
      "fail": false,
      "pending": false,
      "code": "var flattened = [[0, 1], [2, 3], [4, 5]].reduce(function (a, b) {\n    return a.concat(b);\n}, []);\nassert.deepEqual(flattened, [0, 1, 2, 3, 4, 5]);\nvar friends = [{ name: \"Anna\", books: [\"Bible\", \"Harry Potter\"], age: 21 }, { name: \"Bob\", books: [\"War and peace\", \"Romeo and Juliet\"], age: 26 }, { name: \"Alice\", books: [\"The Lord of the Rings\", \"The Shining\"], age: 18 }];\nvar allbooks = friends.reduce(function (prev, curr) {\n    return [].concat(_toConsumableArray(prev), _toConsumableArray(curr.books));\n}, [\"Alphabet\"]);\nassert.deepEqual(allbooks, [\"Alphabet\", \"Bible\", \"Harry Potter\", \"War and peace\", \"Romeo and Juliet\", \"The Lord of the Rings\", \"The Shining\"]);",
      "err": {},
      "isRoot": false,
      "uuid": "8497eed5-02bb-4c7a-b7df-d0e052549c84",
      "parentUUID": "37f992ab-fea8-498e-adbd-c93dd955b8ec",
      "isHook": false,
      "skipped": false
    },
    {
      "title": "cound access the original list",
      "fullTitle": "3. _.reduce 函数： cound access the original list",
      "timedOut": false,
      "duration": 0,
      "state": "passed",
      "speed": "fast",
      "pass": true,
      "fail": false,
      "pending": false,
      "code": "",
      "err": {},
      "isRoot": false,
      "uuid": "f6ab013d-6b78-4d63-a858-1d3715b2e3fb",
      "parentUUID": "37f992ab-fea8-498e-adbd-c93dd955b8ec",
      "isHook": false,
      "skipped": false
    }
  ],
  "allFailures": [
    {
      "title": "can bind without specifying a context",
      "fullTitle": "7. _Bind 函数  can bind without specifying a context",
      "timedOut": false,
      "duration": 0,
      "state": "failed",
      "pass": false,
      "fail": true,
      "pending": false,
      "code": "var func = function func(arg) {\n    return 'name: ' + (this.name || arg);\n};\nvar bound = _main2.default.bind(func, null, 'curly');\nvar result = bound();\n// Work around a PhantomJS bug when applying a function with null|undefined.\nassert.ok(result === 'name: curly' || result === 'name: ' + window.name, 'can bind without specifying a context');",
      "err": {
        "estack": "TypeError: Cannot read property 'name' of null\n    at func (test/main.test.js:183:36)\n    at Context.<anonymous> (test/main.test.js:187:26)"
      },
      "isRoot": false,
      "uuid": "adebefde-7ee9-4205-a043-708fef046604",
      "parentUUID": "b54d67dc-ec79-403d-9568-0d40e24ee8f7",
      "isHook": false,
      "skipped": false
    },
    {
      "title": "can be bound to any value",
      "fullTitle": "7. _Bind 函数  can be bound to any value",
      "timedOut": false,
      "duration": 1,
      "state": "failed",
      "pass": false,
      "fail": true,
      "pending": false,
      "code": "var func = function func(salutation, firstname, lastname) {\n    return salutation + ': ' + firstname + ' ' + lastname;\n};\nfunc = _main2.default.bind(func, this, 'hello', 'moe', 'curly');\nassert.strictEqual(func(), 'hello: moe curly', 'the function was partially applied in advance and can accept multiple arguments');\nvar func1 = function func1() {\n    console.log(this);return this;\n};\nassert.strictEqual(_typeof(func1.bind(0)()), 'object-', 'the function was partially applied in advance and can accept multiple arguments');\nassert.strictEqual(_typeof(_main2.default.bind(func1, 0)()), 'object', 'binding a primitive to `this` returns a wrapped primitive');\nassert.strictEqual(_main2.default.bind(func1, 0)().valueOf(), 0, 'can bind a function to `0`');\nassert.strictEqual(_main2.default.bind(func1, 'string')().valueOf(), 'string', 'can bind a function to an empty string');\nassert.strictEqual(_main2.default.bind(func1, false)().valueOf(), false, 'can bind a function to `false`');",
      "err": {
        "name": "AssertionError",
        "message": "the function was partially applied in advance and can accept multiple arguments: expected 'number' to equal 'object-'",
        "showDiff": true,
        "actual": "number",
        "expected": "object-",
        "estack": "AssertionError: the function was partially applied in advance and can accept multiple arguments: expected 'number' to equal 'object-'\n    at Function.assert.strictEqual (node_modules/chai/lib/chai/interface/assert.js:178:32)\n    at Context.<anonymous> (test/main.test.js:201:20)",
        "diff": "- number\n+ object-\n",
        "stack": "AssertionError: the function was partially applied in advance and can accept multiple arguments: expected 'number' to equal 'object-'\n    at Function.assert.strictEqual (node_modules/chai/lib/chai/interface/assert.js:178:32)\n    at Context.<anonymous> (test/main.test.js:201:20)"
      },
      "isRoot": false,
      "uuid": "98ecd67a-2e30-4d8e-b61f-cbff7f4d4b5d",
      "parentUUID": "b54d67dc-ec79-403d-9568-0d40e24ee8f7",
      "isHook": false,
      "skipped": false
    }
  ],
  "copyrightYear": 2017
}