{"/Users/luchen/Documents/study/test/underscore/src/main.js":{"path":"/Users/luchen/Documents/study/test/underscore/src/main.js","s":{"1":1,"2":1,"3":1,"4":2,"5":4,"6":2,"7":1,"8":1,"9":1,"10":1,"11":2,"12":2,"13":2,"14":1,"15":1,"16":1,"17":1,"18":3,"19":0,"20":3,"21":3,"22":1,"23":1,"24":1,"25":1,"26":9,"27":6,"28":6,"29":0,"30":6,"31":9,"32":1},"b":{"1":[1,2],"2":[6,3]},"f":{"1":2,"2":1,"3":1,"4":3,"5":1,"6":9},"fnMap":{"1":{"name":"(anonymous_1)","line":3,"loc":{"start":{"line":3,"column":12},"end":{"line":3,"column":24}}},"2":{"name":"(anonymous_2)","line":4,"loc":{"start":{"line":4,"column":11},"end":{"line":4,"column":24}}},"3":{"name":"(anonymous_3)","line":15,"loc":{"start":{"line":15,"column":10},"end":{"line":15,"column":25}}},"4":{"name":"(anonymous_4)","line":17,"loc":{"start":{"line":17,"column":11},"end":{"line":17,"column":24}}},"5":{"name":"(anonymous_5)","line":23,"loc":{"start":{"line":23,"column":11},"end":{"line":23,"column":26}}},"6":{"name":"func","line":25,"loc":{"start":{"line":25,"column":11},"end":{"line":25,"column":33}}}},"statementMap":{"1":{"start":{"line":0,"column":0},"end":{"line":0,"column":0},"skip":true},"2":{"start":{"line":1,"column":0},"end":{"line":null,"column":null}},"3":{"start":{"line":3,"column":0},"end":{"line":null,"column":null}},"4":{"start":{"line":3,"column":16},"end":{"line":null,"column":null}},"5":{"start":{"line":3,"column":24},"end":{"line":null,"column":null}},"6":{"start":{"line":4,"column":11},"end":{"line":null,"column":null}},"7":{"start":{"line":4,"column":15},"end":{"line":null,"column":null}},"8":{"start":{"line":4,"column":24},"end":{"line":null,"column":null}},"9":{"start":{"line":5,"column":12},"end":{"line":null,"column":null}},"10":{"start":{"line":7,"column":15},"end":{"line":null,"column":null}},"11":{"start":{"line":8,"column":18},"end":{"line":null,"column":null}},"12":{"start":{"line":9,"column":24},"end":{"line":null,"column":null}},"13":{"start":{"line":10,"column":24},"end":{"line":null,"column":null}},"14":{"start":{"line":12,"column":15},"end":{"line":null,"column":null}},"15":{"start":{"line":15,"column":0},"end":{"line":null,"column":null}},"16":{"start":{"line":16,"column":8},"end":{"line":null,"column":null}},"17":{"start":{"line":17,"column":11},"end":{"line":null,"column":null}},"18":{"start":{"line":17,"column":15},"end":{"line":null,"column":null}},"19":{"start":{"line":17,"column":24},"end":{"line":null,"column":null}},"20":{"start":{"line":0,"column":0},"end":{"line":0,"column":0},"skip":true},"21":{"start":{"line":19,"column":12},"end":{"line":null,"column":null}},"22":{"start":{"line":19,"column":30},"end":{"line":null,"column":null}},"23":{"start":{"line":23,"column":0},"end":{"line":null,"column":null}},"24":{"start":{"line":24,"column":5},"end":{"line":null,"column":null}},"25":{"start":{"line":25,"column":11},"end":{"line":null,"column":null}},"26":{"start":{"line":26,"column":8},"end":{"line":null,"column":null}},"27":{"start":{"line":0,"column":0},"end":{"line":0,"column":0},"skip":true},"28":{"start":{"line":25,"column":28},"end":{"line":null,"column":null}},"29":{"start":{"line":26,"column":17},"end":{"line":null,"column":null}},"30":{"start":{"line":28,"column":19},"end":{"line":null,"column":null}},"31":{"start":{"line":31,"column":15},"end":{"line":null,"column":null}},"32":{"start":{"line":36,"column":15},"end":{"line":null,"column":null}}},"branchMap":{"1":{"line":19,"type":"if","locations":[{"start":{"line":19,"column":12},"end":{"line":19,"column":12}},{"start":{"line":19,"column":12},"end":{"line":19,"column":12}}]},"2":{"line":26,"type":"if","locations":[{"start":{"line":26,"column":8},"end":{"line":26,"column":8}},{"start":{"line":26,"column":8},"end":{"line":26,"column":8}}]}}}}