{"/Users/luchen/Documents/study/test/underscore/src/main.js":{"path":"/Users/luchen/Documents/study/test/underscore/src/main.js","s":{"1":1,"2":1,"3":1,"4":2,"5":4,"6":2,"7":1,"8":1,"9":1,"10":1,"11":2,"12":2,"13":2,"14":1,"15":1,"16":1,"17":1,"18":3,"19":0,"20":3,"21":3,"22":1,"23":1,"24":1,"25":1,"26":64,"27":6,"28":6,"29":0,"30":6,"31":64,"32":1,"33":7,"34":18,"35":7,"36":7,"37":7,"38":7,"39":7,"40":18,"41":7,"42":7,"43":7,"44":1,"45":0,"46":1,"47":2,"48":1,"49":1,"50":1,"51":3,"52":1,"53":3,"54":3,"55":3,"56":5,"57":7,"58":5,"59":5,"60":3,"61":3,"62":1},"b":{"1":[1,2],"2":[6,58],"3":[7,11],"4":[0,3],"5":[1,2],"6":[3,1],"7":[5,4]},"f":{"1":2,"2":1,"3":1,"4":3,"5":1,"6":64,"7":7,"8":7,"9":0,"10":2,"11":1,"12":3,"13":3,"14":5},"fnMap":{"1":{"name":"(anonymous_1)","line":3,"loc":{"start":{"line":3,"column":12},"end":{"line":3,"column":24}}},"2":{"name":"(anonymous_2)","line":4,"loc":{"start":{"line":4,"column":11},"end":{"line":4,"column":24}}},"3":{"name":"(anonymous_3)","line":15,"loc":{"start":{"line":15,"column":10},"end":{"line":15,"column":25}}},"4":{"name":"(anonymous_4)","line":17,"loc":{"start":{"line":17,"column":11},"end":{"line":17,"column":24}}},"5":{"name":"(anonymous_5)","line":23,"loc":{"start":{"line":23,"column":11},"end":{"line":23,"column":26}}},"6":{"name":"func","line":25,"loc":{"start":{"line":25,"column":11},"end":{"line":25,"column":33}}},"7":{"name":"(anonymous_7)","line":44,"loc":{"start":{"line":44,"column":12},"end":{"line":44,"column":26}}},"8":{"name":"(anonymous_8)","line":45,"loc":{"start":{"line":45,"column":8},"end":{"line":45,"column":29}}},"9":{"name":"(anonymous_9)","line":55,"loc":{"start":{"line":55,"column":9},"end":{"line":55,"column":15}}},"10":{"name":"(anonymous_10)","line":72,"loc":{"start":{"line":72,"column":9},"end":{"line":72,"column":23}}},"11":{"name":"(anonymous_11)","line":85,"loc":{"start":{"line":85,"column":13},"end":{"line":85,"column":23}}},"12":{"name":"hashFunction","line":86,"loc":{"start":{"line":86,"column":20},"end":{"line":null,"column":null}}},"13":{"name":"(anonymous_13)","line":87,"loc":{"start":{"line":87,"column":8},"end":{"line":87,"column":36}}},"14":{"name":"memoize","line":89,"loc":{"start":{"line":89,"column":18},"end":{"line":89,"column":29}}}},"statementMap":{"1":{"start":{"line":0,"column":0},"end":{"line":0,"column":0},"skip":true},"2":{"start":{"line":1,"column":0},"end":{"line":null,"column":null}},"3":{"start":{"line":3,"column":0},"end":{"line":null,"column":null}},"4":{"start":{"line":3,"column":16},"end":{"line":null,"column":null}},"5":{"start":{"line":3,"column":24},"end":{"line":null,"column":null}},"6":{"start":{"line":4,"column":11},"end":{"line":null,"column":null}},"7":{"start":{"line":4,"column":15},"end":{"line":null,"column":null}},"8":{"start":{"line":4,"column":24},"end":{"line":null,"column":null}},"9":{"start":{"line":5,"column":12},"end":{"line":null,"column":null}},"10":{"start":{"line":7,"column":15},"end":{"line":null,"column":null}},"11":{"start":{"line":8,"column":18},"end":{"line":null,"column":null}},"12":{"start":{"line":9,"column":24},"end":{"line":null,"column":null}},"13":{"start":{"line":10,"column":24},"end":{"line":null,"column":null}},"14":{"start":{"line":12,"column":15},"end":{"line":null,"column":null}},"15":{"start":{"line":15,"column":0},"end":{"line":null,"column":null}},"16":{"start":{"line":16,"column":8},"end":{"line":null,"column":null}},"17":{"start":{"line":17,"column":11},"end":{"line":null,"column":null}},"18":{"start":{"line":17,"column":15},"end":{"line":null,"column":null}},"19":{"start":{"line":17,"column":24},"end":{"line":null,"column":null}},"20":{"start":{"line":0,"column":0},"end":{"line":0,"column":0},"skip":true},"21":{"start":{"line":19,"column":12},"end":{"line":null,"column":null}},"22":{"start":{"line":19,"column":30},"end":{"line":null,"column":null}},"23":{"start":{"line":23,"column":0},"end":{"line":null,"column":null}},"24":{"start":{"line":24,"column":5},"end":{"line":null,"column":null}},"25":{"start":{"line":25,"column":11},"end":{"line":null,"column":null}},"26":{"start":{"line":26,"column":8},"end":{"line":null,"column":null}},"27":{"start":{"line":0,"column":0},"end":{"line":0,"column":0},"skip":true},"28":{"start":{"line":25,"column":28},"end":{"line":null,"column":null}},"29":{"start":{"line":26,"column":17},"end":{"line":null,"column":null}},"30":{"start":{"line":28,"column":19},"end":{"line":null,"column":null}},"31":{"start":{"line":31,"column":15},"end":{"line":null,"column":null}},"32":{"start":{"line":44,"column":0},"end":{"line":null,"column":null}},"33":{"start":{"line":44,"column":19},"end":{"line":null,"column":null}},"34":{"start":{"line":44,"column":26},"end":{"line":null,"column":null}},"35":{"start":{"line":45,"column":8},"end":{"line":null,"column":null}},"36":{"start":{"line":46,"column":6},"end":{"line":null,"column":null}},"37":{"start":{"line":45,"column":20},"end":{"line":null,"column":null}},"38":{"start":{"line":45,"column":29},"end":{"line":null,"column":null}},"39":{"start":{"line":47,"column":6},"end":{"line":null,"column":null}},"40":{"start":{"line":48,"column":6},"end":{"line":null,"column":null}},"41":{"start":{"line":48,"column":19},"end":{"line":null,"column":null}},"42":{"start":{"line":50,"column":8},"end":{"line":null,"column":null}},"43":{"start":{"line":51,"column":9},"end":{"line":null,"column":null}},"44":{"start":{"line":55,"column":0},"end":{"line":null,"column":null}},"45":{"start":{"line":56,"column":8},"end":{"line":null,"column":null}},"46":{"start":{"line":72,"column":0},"end":{"line":null,"column":null}},"47":{"start":{"line":73,"column":8},"end":{"line":null,"column":null}},"48":{"start":{"line":85,"column":0},"end":{"line":null,"column":null}},"49":{"start":{"line":0,"column":0},"end":{"line":0,"column":0},"skip":true},"50":{"start":{"line":86,"column":5},"end":{"line":85,"column":23}},"51":{"start":{"line":0,"column":0},"end":{"line":0,"column":0},"skip":true},"52":{"start":{"line":87,"column":8},"end":{"line":null,"column":null}},"53":{"start":{"line":87,"column":12},"end":{"line":null,"column":null}},"54":{"start":{"line":88,"column":8},"end":{"line":null,"column":null}},"55":{"start":{"line":89,"column":8},"end":{"line":null,"column":null}},"56":{"start":{"line":89,"column":22},"end":{"line":null,"column":null}},"57":{"start":{"line":89,"column":29},"end":{"line":null,"column":null}},"58":{"start":{"line":90,"column":9},"end":{"line":null,"column":null}},"59":{"start":{"line":91,"column":10},"end":{"line":null,"column":null}},"60":{"start":{"line":93,"column":10},"end":{"line":null,"column":null}},"61":{"start":{"line":94,"column":9},"end":{"line":null,"column":null}},"62":{"start":{"line":99,"column":15},"end":{"line":null,"column":null}}},"branchMap":{"1":{"line":19,"type":"if","locations":[{"start":{"line":19,"column":12},"end":{"line":19,"column":12}},{"start":{"line":19,"column":12},"end":{"line":19,"column":12}}]},"2":{"line":26,"type":"if","locations":[{"start":{"line":26,"column":8},"end":{"line":26,"column":8}},{"start":{"line":26,"column":8},"end":{"line":26,"column":8}}]},"3":{"line":48,"type":"if","locations":[{"start":{"line":48,"column":6},"end":{"line":48,"column":6}},{"start":{"line":48,"column":6},"end":{"line":48,"column":6}}]},"4":{"line":0,"type":"cond-expr","locations":[{"start":{"line":0,"column":0},"end":{"line":0,"column":0},"skip":true},{"start":{"line":0,"column":0},"end":{"line":0,"column":0},"skip":true}]},"5":{"line":87,"type":"cond-expr","locations":[{"start":{"line":87,"column":21},"end":{"line":87,"column":21}},{"start":{"line":87,"column":21},"end":{"line":87,"column":36}}]},"6":{"line":87,"type":"binary-expr","locations":[{"start":{"line":87,"column":21},"end":{"line":87,"column":21}},{"start":{"line":87,"column":21},"end":{"line":87,"column":21}}]},"7":{"line":91,"type":"binary-expr","locations":[{"start":{"line":91,"column":10},"end":{"line":91,"column":31}},{"start":{"line":91,"column":31},"end":{"line":91,"column":10}}]}}}}