TN:
SF:/Users/luchen/Documents/study/test/underscore/src/main.js
FN:3,(anonymous_1)
FN:4,(anonymous_2)
FN:15,(anonymous_3)
FN:17,(anonymous_4)
FN:23,(anonymous_5)
FN:25,func
FNF:6
FNH:6
FNDA:2,(anonymous_1)
FNDA:1,(anonymous_2)
FNDA:1,(anonymous_3)
FNDA:3,(anonymous_4)
FNDA:1,(anonymous_5)
FNDA:9,func
DA:1,1
DA:3,4
DA:4,2
DA:5,1
DA:7,1
DA:8,2
DA:9,2
DA:10,2
DA:12,1
DA:15,1
DA:16,1
DA:17,3
DA:19,3
DA:23,1
DA:24,1
DA:25,6
DA:26,9
DA:28,6
DA:31,9
DA:36,1
LF:20
LH:20
BRDA:19,1,0,1
BRDA:19,1,1,2
BRDA:26,2,0,6
BRDA:26,2,1,3
BRF:4
BRH:4
end_of_record
