TN:
SF:/Users/luchen/Documents/study/test/underscore/src/main.js
FN:3,(anonymous_1)
FN:4,(anonymous_2)
FN:15,(anonymous_3)
FN:17,(anonymous_4)
FN:23,(anonymous_5)
FN:25,func
FN:44,(anonymous_7)
FN:45,(anonymous_8)
FN:55,(anonymous_9)
FN:72,(anonymous_10)
FN:85,(anonymous_11)
FN:86,hashFunction
FN:87,(anonymous_13)
FN:89,memoize
FNF:14
FNH:13
FNDA:2,(anonymous_1)
FNDA:1,(anonymous_2)
FNDA:1,(anonymous_3)
FNDA:3,(anonymous_4)
FNDA:1,(anonymous_5)
FNDA:64,func
FNDA:7,(anonymous_7)
FNDA:7,(anonymous_8)
FNDA:0,(anonymous_9)
FNDA:2,(anonymous_10)
FNDA:1,(anonymous_11)
FNDA:3,hashFunction
FNDA:3,(anonymous_13)
FNDA:5,memoize
DA:1,1
DA:3,4
DA:4,2
DA:5,1
DA:7,1
DA:8,2
DA:9,2
DA:10,2
DA:12,1
DA:15,1
DA:16,1
DA:17,3
DA:19,3
DA:23,1
DA:24,1
DA:25,6
DA:26,64
DA:28,6
DA:31,64
DA:44,18
DA:45,7
DA:46,7
DA:47,7
DA:48,18
DA:50,7
DA:51,7
DA:55,1
DA:56,0
DA:72,1
DA:73,2
DA:85,1
DA:86,1
DA:87,3
DA:88,3
DA:89,7
DA:90,5
DA:91,5
DA:93,3
DA:94,3
DA:99,1
LF:40
LH:39
BRDA:19,1,0,1
BRDA:19,1,1,2
BRDA:26,2,0,6
BRDA:26,2,1,58
BRDA:48,3,0,7
BRDA:48,3,1,11
BRDA:87,5,0,1
BRDA:87,5,1,2
BRDA:87,6,0,3
BRDA:87,6,1,1
BRDA:91,7,0,5
BRDA:91,7,1,4
BRF:12
BRH:12
end_of_record
